<html>
<head>
<title>TestNG:  Default test</title>
<link href="../testng.css" rel="stylesheet" type="text/css" />
<link href="../my-testng.css" rel="stylesheet" type="text/css" />

<style type="text/css">
.log { display: none;} 
.stack-trace { display: none;} 
</style>
<script type="text/javascript">
<!--
function flip(e) {
  current = e.style.display;
  if (current == 'block') {
    e.style.display = 'none';
    return 0;
  }
  else {
    e.style.display = 'block';
    return 1;
  }
}

function toggleBox(szDivId, elem, msg1, msg2)
{
  var res = -1;  if (document.getElementById) {
    res = flip(document.getElementById(szDivId));
  }
  else if (document.all) {
    // this is the way old msie versions work
    res = flip(document.all[szDivId]);
  }
  if(elem) {
    if(res == 0) elem.innerHTML = msg1; else elem.innerHTML = msg2;
  }

}

function toggleAllBoxes() {
  if (document.getElementsByTagName) {
    d = document.getElementsByTagName('div');
    for (i = 0; i < d.length; i++) {
      if (d[i].className == 'log') {
        flip(d[i]);
      }
    }
  }
}

// -->
</script>

</head>
<body>
<h2 align='center'>Default test</h2><table border='1' align="center">
<tr>
<td>Tests passed/Failed/Skipped:</td><td>10/1/0</td>
</tr><tr>
<td>Started on:</td><td>Thu Mar 03 21:10:37 IST 2016</td>
</tr>
<tr><td>Total time:</td><td>871 seconds (871840 ms)</td>
</tr><tr>
<td>Included groups:</td><td></td>
</tr><tr>
<td>Excluded groups:</td><td></td>
</tr>
</table><p/>
<small><i>(Hover the method name to see the test class name)</i></small><p/>
<table width='100%' border='1' class='invocation-failed'>
<tr><td colspan='4' align='center'><b>FAILED TESTS</b></td></tr>
<tr><td><b>Test method</b></td>
<td width="30%"><b>Exception</b></td>
<td width="10%"><b>Time (seconds)</b></td>
<td><b>Instance</b></td>
</tr>
<tr>
<td title='com.weather.RunTest.Smoke_Test.C402853_Verifybigbannerad_LSModules()'><b>C402853_Verifybigbannerad_LSModules</b><br>Test class: com.weather.RunTest.Smoke_Test<br/>
<a href="#Output-2081652693" onClick='toggleBox("Output-2081652693", this, "Show output", "Hide output");'>Show output</a>

<a href="#Output-2081652693" onClick="toggleAllBoxes();">Show all outputs</a>
<div class='log' id="Output-2081652693">
STEP42<br/>
</div>
</td>
<td><div><pre>org.openqa.selenium.NoSuchElementException: An element could not be located on the page using the given search parameters. (WARNING: The server did not provide any stacktrace information)
Command duration or timeout: 61.32 seconds
For documentation on this error, please visit: http://seleniumhq.org/exceptions/no_such_element.html
Build info: version: &apos;2.47.1&apos;, revision: &apos;unknown&apos;, time: &apos;2015-07-30 11:02:44&apos;
System info: host: &apos;localhost&apos;, ip: &apos;127.0.0.1&apos;, os.name: &apos;Mac OS X&apos;, os.arch: &apos;x86_64&apos;, os.version: &apos;10.11.1&apos;, java.version: &apos;1.8.0_60&apos;
Driver info: io.appium.java_client.ios.IOSDriver
Capabilities [{appPackage=com.weather.Weather, networkConnectionEnabled=false, warnings={}, bundleId=com.weather.TWC, databaseEnabled=false, deviceName==iPod (8.4) [707cc1d9c294b37fe5e70b7584163a100ae6166f], platform=MAC, appActivity=com.weather.Weather.app.SplashScreenActivity, desired={appPackage=com.weather.Weather, appActivity=com.weather.Weather.app.SplashScreenActivity, newCommandTimeout=100000, platformVersion=8.4, bundleId=com.weather.TWC, browserName=iOS, platformName=iOS, device=iPhone, deviceName==iPod (8.4) [707cc1d9c294b37fe5e70b7584163a100ae6166f], platform=MAC, autoAcceptAlerts=true}, newCommandTimeout=100000, platformVersion=8.4, webStorageEnabled=false, locationContextEnabled=false, browserName=iOS, takesScreenshot=true, javascriptEnabled=true, platformName=iOS, device=iPhone, autoAcceptAlerts=true}]
Session ID: 7b294025-3b39-461f-af67-95423df3273b
*** Element info: {Using=class name, value=UIASearchBar}
	at sun.reflect.NativeConstructorAccessorImpl.newInstance0(Native Method)
	at sun.reflect.NativeConstructorAccessorImpl.newInstance(NativeConstructorAccessorImpl.java:62)
	at sun.reflect.DelegatingConstructorAccessorImpl.newInstance(DelegatingConstructorAccessorImpl.java:45)
	at java.lang.reflect.Constructor.newInstance(Constructor.java:422)
	at org.openqa.selenium.remote.ErrorHandler.createThrowable(ErrorHandler.java:206)
	at org.openqa.selenium.remote.ErrorHandler.throwIfResponseFailed(ErrorHandler.java:158)
	at org.openqa.selenium.remote.RemoteWebDriver.execute(RemoteWebDriver.java:595)
	at io.appium.java_client.DefaultGenericMobileDriver.execute(DefaultGenericMobileDriver.java:42)
	at io.appium.java_client.AppiumDriver.execute(AppiumDriver.java:1)
	at io.appium.java_client.ios.IOSDriver.execute(IOSDriver.java:1)
	at org.openqa.selenium.remote.RemoteWebDriver.findElement(RemoteWebDriver.java:348)
	at org.openqa.selenium.remote.RemoteWebDriver.findElementByClassName(RemoteWebDriver.java:429)
	at io.appium.java_client.DefaultGenericMobileDriver.findElementByClassName(DefaultGenericMobileDriver.java:110)
	at io.appium.java_client.AppiumDriver.findElementByClassName(AppiumDriver.java:1)
	at io.appium.java_client.ios.IOSDriver.findElementByClassName(IOSDriver.java:1)
	at com.weather.Genaral.MoveTo_TestMode.testmode(MoveTo_TestMode.java:55)
	at com.weather.SmokeTestcases.SmokeTest_C402853_Verifybigbannerad_LSModules.verify_adpresent_onLSModule_page(SmokeTest_C402853_Verifybigbannerad_LSModules.java:33)
	at com.weather.RunTest.Smoke_Test.C402853_Verifybigbannerad_LSModules(Smoke_Test.java:208)
	at sun.reflect.NativeMethodAccessorImpl.invoke0(Native Method)
	at sun.reflect.NativeMethodAccessorImpl.invoke(NativeMethodAccessorImpl.java:62)
	at sun.reflect.DelegatingMethodAccessorImpl.invoke(DelegatingMethodAccessorImpl.java:43)
	at java.lang.reflect.Method.invoke(Method.java:497)
	at org.testng.internal.MethodInvocationHelper.invokeMethod(MethodInvocationHelper.java:85)
	at org.testng.internal.Invoker.invokeMethod(Invoker.java:659)
	at org.testng.internal.Invoker.invokeTestMethod(Invoker.java:845)
	at org.testng.internal.Invoker.invokeTestMethods(Invoker.java:1153)
	at org.testng.internal.TestMethodWorker.invokeTestMethods(TestMethodWorker.java:125)
	at org.testng.internal.TestMethodWorker.run(TestMethodWorker.java:108)
	at org.testng.TestRunner.privateRun(TestRunner.java:771)
	at org.testng.TestRunner.run(TestRunner.java:621)
	at org.testng.SuiteRunner.runTest(SuiteRunner.java:357)
	at org.testng.SuiteRunner.runSequentially(SuiteRunner.java:352)
	at org.testng.SuiteRunner.privateRun(SuiteRunner.java:310)
	at org.testng.SuiteRunner.run(SuiteRunner.java:259)
	at org.testng.SuiteRunnerWorker.runSuite(SuiteRunnerWorker.java:52)
	at org.testng.SuiteRunnerWorker.run(SuiteRunnerWorker.java:86)
	at org.testng.TestNG.runSuitesSequentially(TestNG.java:1199)
	at org.testng.TestNG.runSuitesLocally(TestNG.java:1124)
	at org.testng.TestNG.run(TestNG.java:1032)
	at org.testng.remote.RemoteTestNG.run(RemoteTestNG.java:111)
	at org.testng.remote.RemoteTestNG.initAndRun(RemoteTestNG.java:204)
	at org.testng.remote.RemoteTestNG.main(RemoteTestNG.java:175)
</pre></div><a href='#' onClick='toggleBox("stack-trace2081652693", this, "Click to show all stack frames", "Click to hide stack frames")'>Click to show all stack frames</a>
<div class='stack-trace' id='stack-trace2081652693'><pre>org.openqa.selenium.NoSuchElementException: An element could not be located on the page using the given search parameters. (WARNING: The server did not provide any stacktrace information)
Command duration or timeout: 61.32 seconds
For documentation on this error, please visit: http://seleniumhq.org/exceptions/no_such_element.html
Build info: version: &apos;2.47.1&apos;, revision: &apos;unknown&apos;, time: &apos;2015-07-30 11:02:44&apos;
System info: host: &apos;localhost&apos;, ip: &apos;127.0.0.1&apos;, os.name: &apos;Mac OS X&apos;, os.arch: &apos;x86_64&apos;, os.version: &apos;10.11.1&apos;, java.version: &apos;1.8.0_60&apos;
Driver info: io.appium.java_client.ios.IOSDriver
Capabilities [{appPackage=com.weather.Weather, networkConnectionEnabled=false, warnings={}, bundleId=com.weather.TWC, databaseEnabled=false, deviceName==iPod (8.4) [707cc1d9c294b37fe5e70b7584163a100ae6166f], platform=MAC, appActivity=com.weather.Weather.app.SplashScreenActivity, desired={appPackage=com.weather.Weather, appActivity=com.weather.Weather.app.SplashScreenActivity, newCommandTimeout=100000, platformVersion=8.4, bundleId=com.weather.TWC, browserName=iOS, platformName=iOS, device=iPhone, deviceName==iPod (8.4) [707cc1d9c294b37fe5e70b7584163a100ae6166f], platform=MAC, autoAcceptAlerts=true}, newCommandTimeout=100000, platformVersion=8.4, webStorageEnabled=false, locationContextEnabled=false, browserName=iOS, takesScreenshot=true, javascriptEnabled=true, platformName=iOS, device=iPhone, autoAcceptAlerts=true}]
Session ID: 7b294025-3b39-461f-af67-95423df3273b
*** Element info: {Using=class name, value=UIASearchBar}
	at sun.reflect.NativeConstructorAccessorImpl.newInstance0(Native Method)
	at sun.reflect.NativeConstructorAccessorImpl.newInstance(NativeConstructorAccessorImpl.java:62)
	at sun.reflect.DelegatingConstructorAccessorImpl.newInstance(DelegatingConstructorAccessorImpl.java:45)
	at java.lang.reflect.Constructor.newInstance(Constructor.java:422)
	at org.openqa.selenium.remote.ErrorHandler.createThrowable(ErrorHandler.java:206)
	at org.openqa.selenium.remote.ErrorHandler.throwIfResponseFailed(ErrorHandler.java:158)
	at org.openqa.selenium.remote.RemoteWebDriver.execute(RemoteWebDriver.java:595)
	at io.appium.java_client.DefaultGenericMobileDriver.execute(DefaultGenericMobileDriver.java:42)
	at io.appium.java_client.AppiumDriver.execute(AppiumDriver.java:1)
	at io.appium.java_client.ios.IOSDriver.execute(IOSDriver.java:1)
	at org.openqa.selenium.remote.RemoteWebDriver.findElement(RemoteWebDriver.java:348)
	at org.openqa.selenium.remote.RemoteWebDriver.findElementByClassName(RemoteWebDriver.java:429)
	at io.appium.java_client.DefaultGenericMobileDriver.findElementByClassName(DefaultGenericMobileDriver.java:110)
	at io.appium.java_client.AppiumDriver.findElementByClassName(AppiumDriver.java:1)
	at io.appium.java_client.ios.IOSDriver.findElementByClassName(IOSDriver.java:1)
	at com.weather.Genaral.MoveTo_TestMode.testmode(MoveTo_TestMode.java:55)
	at com.weather.SmokeTestcases.SmokeTest_C402853_Verifybigbannerad_LSModules.verify_adpresent_onLSModule_page(SmokeTest_C402853_Verifybigbannerad_LSModules.java:33)
	at com.weather.RunTest.Smoke_Test.C402853_Verifybigbannerad_LSModules(Smoke_Test.java:208)
	at sun.reflect.NativeMethodAccessorImpl.invoke0(Native Method)
	at sun.reflect.NativeMethodAccessorImpl.invoke(NativeMethodAccessorImpl.java:62)
	at sun.reflect.DelegatingMethodAccessorImpl.invoke(DelegatingMethodAccessorImpl.java:43)
	at java.lang.reflect.Method.invoke(Method.java:497)
	at org.testng.internal.MethodInvocationHelper.invokeMethod(MethodInvocationHelper.java:85)
	at org.testng.internal.Invoker.invokeMethod(Invoker.java:659)
	at org.testng.internal.Invoker.invokeTestMethod(Invoker.java:845)
	at org.testng.internal.Invoker.invokeTestMethods(Invoker.java:1153)
	at org.testng.internal.TestMethodWorker.invokeTestMethods(TestMethodWorker.java:125)
	at org.testng.internal.TestMethodWorker.run(TestMethodWorker.java:108)
	at org.testng.TestRunner.privateRun(TestRunner.java:771)
	at org.testng.TestRunner.run(TestRunner.java:621)
	at org.testng.SuiteRunner.runTest(SuiteRunner.java:357)
	at org.testng.SuiteRunner.runSequentially(SuiteRunner.java:352)
	at org.testng.SuiteRunner.privateRun(SuiteRunner.java:310)
	at org.testng.SuiteRunner.run(SuiteRunner.java:259)
	at org.testng.SuiteRunnerWorker.runSuite(SuiteRunnerWorker.java:52)
	at org.testng.SuiteRunnerWorker.run(SuiteRunnerWorker.java:86)
	at org.testng.TestNG.runSuitesSequentially(TestNG.java:1199)
	at org.testng.TestNG.runSuitesLocally(TestNG.java:1124)
	at org.testng.TestNG.run(TestNG.java:1032)
	at org.testng.remote.RemoteTestNG.run(RemoteTestNG.java:111)
	at org.testng.remote.RemoteTestNG.initAndRun(RemoteTestNG.java:204)
	at org.testng.remote.RemoteTestNG.main(RemoteTestNG.java:175)
</pre></div></td>
<td>211</td>
<td>com.weather.RunTest.Smoke_Test@60f82f98</td></tr>
</table><p>
<table width='100%' border='1' class='invocation-passed'>
<tr><td colspan='4' align='center'><b>PASSED TESTS</b></td></tr>
<tr><td><b>Test method</b></td>
<td width="30%"><b>Exception</b></td>
<td width="10%"><b>Time (seconds)</b></td>
<td><b>Instance</b></td>
</tr>
<tr>
<td title='com.weather.RunTest.Smoke_Test.FirstRun()'><b>FirstRun</b><br>Test class: com.weather.RunTest.Smoke_Test<br/>
<a href="#Output-1586845078" onClick='toggleBox("Output-1586845078", this, "Show output", "Hide output");'>Show output</a>

<a href="#Output-1586845078" onClick="toggleAllBoxes();">Show all outputs</a>
<div class='log' id="Output-1586845078">
STEP2<br/>
STEP3<br/>
STEP4<br/>
</div>
</td>
<td></td>
<td>190</td>
<td>com.weather.RunTest.Smoke_Test@60f82f98</td></tr>
<tr>
<td title='com.weather.RunTest.Smoke_Test.c334143_verify_adcals_on_clean_launch()'><b>c334143_verify_adcals_on_clean_launch</b><br>Test class: com.weather.RunTest.Smoke_Test<br/>
<a href="#Output-1715248762" onClick='toggleBox("Output-1715248762", this, "Show output", "Hide output");'>Show output</a>

<a href="#Output-1715248762" onClick="toggleAllBoxes();">Show all outputs</a>
<div class='log' id="Output-1715248762">
STEP15<br/>
STEP16<br/>
STEP17<br/>
STEP18<br/>
STEP19<br/>
STEP20<br/>
STEP21<br/>
</div>
</td>
<td></td>
<td>100</td>
<td>com.weather.RunTest.Smoke_Test@60f82f98</td></tr>
<tr>
<td title='com.weather.RunTest.Smoke_Test.c334144_verify_WeatheFX_ApiCall()'><b>c334144_verify_WeatheFX_ApiCall</b><br>Test class: com.weather.RunTest.Smoke_Test<br/>
<a href="#Output-754177595" onClick='toggleBox("Output-754177595", this, "Show output", "Hide output");'>Show output</a>

<a href="#Output-754177595" onClick="toggleAllBoxes();">Show all outputs</a>
<div class='log' id="Output-754177595">
STEP11<br/>
STEP12<br/>
STEP13<br/>
STEP14<br/>
</div>
</td>
<td></td>
<td>13</td>
<td>com.weather.RunTest.Smoke_Test@60f82f98</td></tr>
<tr>
<td title='com.weather.RunTest.Smoke_Test.c334145_factualCall_onfreshlaunch()'><b>c334145_factualCall_onfreshlaunch</b><br>Test class: com.weather.RunTest.Smoke_Test<br/>
<a href="#Output-355518265" onClick='toggleBox("Output-355518265", this, "Show output", "Hide output");'>Show output</a>

<a href="#Output-355518265" onClick="toggleAllBoxes();">Show all outputs</a>
<div class='log' id="Output-355518265">
STEP8<br/>
STEP9<br/>
STEP10<br/>
</div>
</td>
<td></td>
<td>0</td>
<td>com.weather.RunTest.Smoke_Test@60f82f98</td></tr>
<tr>
<td title='com.weather.RunTest.Smoke_Test.c334146_Verify_adon_HourlyExtended_page()'><b>c334146_Verify_adon_HourlyExtended_page</b><br>Test class: com.weather.RunTest.Smoke_Test<br/>
<a href="#Output-1261031890" onClick='toggleBox("Output-1261031890", this, "Show output", "Hide output");'>Show output</a>

<a href="#Output-1261031890" onClick="toggleAllBoxes();">Show all outputs</a>
<div class='log' id="Output-1261031890">
STEP22<br/>
STEP23<br/>
STEP24<br/>
STEP25<br/>
STEP26<br/>
</div>
</td>
<td></td>
<td>57</td>
<td>com.weather.RunTest.Smoke_Test@60f82f98</td></tr>
<tr>
<td title='com.weather.RunTest.Smoke_Test.c334147_Verify_adon_MapsExtended_page()'><b>c334147_Verify_adon_MapsExtended_page</b><br>Test class: com.weather.RunTest.Smoke_Test<br/>
<a href="#Output-1873091796" onClick='toggleBox("Output-1873091796", this, "Show output", "Hide output");'>Show output</a>

<a href="#Output-1873091796" onClick="toggleAllBoxes();">Show all outputs</a>
<div class='log' id="Output-1873091796">
STEP32<br/>
STEP33<br/>
STEP34<br/>
STEP35<br/>
STEP36<br/>
</div>
</td>
<td></td>
<td>41</td>
<td>com.weather.RunTest.Smoke_Test@60f82f98</td></tr>
<tr>
<td title='com.weather.RunTest.Smoke_Test.c334148_Verify_adon_NewsExtended_page()'><b>c334148_Verify_adon_NewsExtended_page</b><br>Test class: com.weather.RunTest.Smoke_Test<br/>
<a href="#Output-391183339" onClick='toggleBox("Output-391183339", this, "Show output", "Hide output");'>Show output</a>

<a href="#Output-391183339" onClick="toggleAllBoxes();">Show all outputs</a>
<div class='log' id="Output-391183339">
STEP37<br/>
STEP38<br/>
STEP39<br/>
STEP40<br/>
STEP41<br/>
</div>
</td>
<td></td>
<td>199</td>
<td>com.weather.RunTest.Smoke_Test@60f82f98</td></tr>
<tr>
<td title='com.weather.RunTest.Smoke_Test.c334150_pulltoRefresh()'><b>c334150_pulltoRefresh</b><br>Test class: com.weather.RunTest.Smoke_Test<br/>
<a href="#Output-664070838" onClick='toggleBox("Output-664070838", this, "Show output", "Hide output");'>Show output</a>

<a href="#Output-664070838" onClick="toggleAllBoxes();">Show all outputs</a>
<div class='log' id="Output-664070838">
STEP5<br/>
STEP6<br/>
STEP7<br/>
</div>
</td>
<td></td>
<td>28</td>
<td>com.weather.RunTest.Smoke_Test@60f82f98</td></tr>
<tr>
<td title='com.weather.RunTest.Smoke_Test.c334151_Verify_adon_10DaysExtended_page()'><b>c334151_Verify_adon_10DaysExtended_page</b><br>Test class: com.weather.RunTest.Smoke_Test<br/>
<a href="#Output-867988177" onClick='toggleBox("Output-867988177", this, "Show output", "Hide output");'>Show output</a>

<a href="#Output-867988177" onClick="toggleAllBoxes();">Show all outputs</a>
<div class='log' id="Output-867988177">
STEP27<br/>
STEP28<br/>
STEP29<br/>
STEP30<br/>
STEP31<br/>
</div>
</td>
<td></td>
<td>27</td>
<td>com.weather.RunTest.Smoke_Test@60f82f98</td></tr>
<tr>
<td title='com.weather.RunTest.Smoke_Test.c334153_lotame_call_verify()'><b>c334153_lotame_call_verify</b><br>Test class: com.weather.RunTest.Smoke_Test</td>
<td></td>
<td>0</td>
<td>com.weather.RunTest.Smoke_Test@60f82f98</td></tr>
</table><p>
</body>
</html>