<?xml version="1.0" encoding="UTF-8"?>
<!-- Generated by org.testng.reporters.JUnitXMLReporter -->
<testsuite hostname="localhost" name="Default test" tests="11" failures="1" timestamp="3 Mar 2016 15:55:09 GMT" time="871.84" errors="0">
  <testcase name="FirstRun" time="190.476" classname="com.weather.RunTest.Smoke_Test"/>
  <testcase name="c334150_pulltoRefresh" time="28.613" classname="com.weather.RunTest.Smoke_Test"/>
  <testcase name="c334145_factualCall_onfreshlaunch" time="0.124" classname="com.weather.RunTest.Smoke_Test"/>
  <testcase name="c334144_verify_WeatheFX_ApiCall" time="13.695" classname="com.weather.RunTest.Smoke_Test"/>
  <testcase name="c334153_lotame_call_verify" time="0.194" classname="com.weather.RunTest.Smoke_Test"/>
  <testcase name="c334143_verify_adcals_on_clean_launch" time="100.618" classname="com.weather.RunTest.Smoke_Test"/>
  <testcase name="c334146_Verify_adon_HourlyExtended_page" time="57.299" classname="com.weather.RunTest.Smoke_Test"/>
  <testcase name="c334151_Verify_adon_10DaysExtended_page" time="27.906" classname="com.weather.RunTest.Smoke_Test"/>
  <testcase name="c334147_Verify_adon_MapsExtended_page" time="41.77" classname="com.weather.RunTest.Smoke_Test"/>
  <testcase name="c334148_Verify_adon_NewsExtended_page" time="199.486" classname="com.weather.RunTest.Smoke_Test"/>
  <testcase name="C402853_Verifybigbannerad_LSModules" time="211.488" classname="com.weather.RunTest.Smoke_Test">
    <failure type="org.openqa.selenium.NoSuchElementException" message="An element could not be located on the page using the given search parameters. (WARNING: The server did not provide any stacktrace information)
Command duration or timeout: 61.32 seconds
For documentation on this error, please visit: http://seleniumhq.org/exceptions/no_such_element.html
Build info: version: &amp;apos;2.47.1&amp;apos;, revision: &amp;apos;unknown&amp;apos;, time: &amp;apos;2015-07-30 11:02:44&amp;apos;
System info: host: &amp;apos;localhost&amp;apos;, ip: &amp;apos;127.0.0.1&amp;apos;, os.name: &amp;apos;Mac OS X&amp;apos;, os.arch: &amp;apos;x86_64&amp;apos;, os.version: &amp;apos;10.11.1&amp;apos;, java.version: &amp;apos;1.8.0_60&amp;apos;
Driver info: io.appium.java_client.ios.IOSDriver
Capabilities [{appPackage=com.weather.Weather, networkConnectionEnabled=false, warnings={}, bundleId=com.weather.TWC, databaseEnabled=false, deviceName==iPod (8.4) [707cc1d9c294b37fe5e70b7584163a100ae6166f], platform=MAC, appActivity=com.weather.Weather.app.SplashScreenActivity, desired={appPackage=com.weather.Weather, appActivity=com.weather.Weather.app.SplashScreenActivity, newCommandTimeout=100000, platformVersion=8.4, bundleId=com.weather.TWC, browserName=iOS, platformName=iOS, device=iPhone, deviceName==iPod (8.4) [707cc1d9c294b37fe5e70b7584163a100ae6166f], platform=MAC, autoAcceptAlerts=true}, newCommandTimeout=100000, platformVersion=8.4, webStorageEnabled=false, locationContextEnabled=false, browserName=iOS, takesScreenshot=true, javascriptEnabled=true, platformName=iOS, device=iPhone, autoAcceptAlerts=true}]
Session ID: 7b294025-3b39-461f-af67-95423df3273b
*** Element info: {Using=class name, value=UIASearchBar}">
      <![CDATA[org.openqa.selenium.NoSuchElementException: An element could not be located on the page using the given search parameters. (WARNING: The server did not provide any stacktrace information)
Command duration or timeout: 61.32 seconds
For documentation on this error, please visit: http://seleniumhq.org/exceptions/no_such_element.html
Build info: version: '2.47.1', revision: 'unknown', time: '2015-07-30 11:02:44'
System info: host: 'localhost', ip: '127.0.0.1', os.name: 'Mac OS X', os.arch: 'x86_64', os.version: '10.11.1', java.version: '1.8.0_60'
Driver info: io.appium.java_client.ios.IOSDriver
Capabilities [{appPackage=com.weather.Weather, networkConnectionEnabled=false, warnings={}, bundleId=com.weather.TWC, databaseEnabled=false, deviceName==iPod (8.4) [707cc1d9c294b37fe5e70b7584163a100ae6166f], platform=MAC, appActivity=com.weather.Weather.app.SplashScreenActivity, desired={appPackage=com.weather.Weather, appActivity=com.weather.Weather.app.SplashScreenActivity, newCommandTimeout=100000, platformVersion=8.4, bundleId=com.weather.TWC, browserName=iOS, platformName=iOS, device=iPhone, deviceName==iPod (8.4) [707cc1d9c294b37fe5e70b7584163a100ae6166f], platform=MAC, autoAcceptAlerts=true}, newCommandTimeout=100000, platformVersion=8.4, webStorageEnabled=false, locationContextEnabled=false, browserName=iOS, takesScreenshot=true, javascriptEnabled=true, platformName=iOS, device=iPhone, autoAcceptAlerts=true}]
Session ID: 7b294025-3b39-461f-af67-95423df3273b
*** Element info: {Using=class name, value=UIASearchBar}
	at sun.reflect.NativeConstructorAccessorImpl.newInstance0(Native Method)
	at sun.reflect.NativeConstructorAccessorImpl.newInstance(NativeConstructorAccessorImpl.java:62)
	at sun.reflect.DelegatingConstructorAccessorImpl.newInstance(DelegatingConstructorAccessorImpl.java:45)
	at java.lang.reflect.Constructor.newInstance(Constructor.java:422)
	at org.openqa.selenium.remote.ErrorHandler.createThrowable(ErrorHandler.java:206)
	at org.openqa.selenium.remote.ErrorHandler.throwIfResponseFailed(ErrorHandler.java:158)
	at org.openqa.selenium.remote.RemoteWebDriver.execute(RemoteWebDriver.java:595)
	at io.appium.java_client.DefaultGenericMobileDriver.execute(DefaultGenericMobileDriver.java:42)
	at io.appium.java_client.AppiumDriver.execute(AppiumDriver.java:1)
	at io.appium.java_client.ios.IOSDriver.execute(IOSDriver.java:1)
	at org.openqa.selenium.remote.RemoteWebDriver.findElement(RemoteWebDriver.java:348)
	at org.openqa.selenium.remote.RemoteWebDriver.findElementByClassName(RemoteWebDriver.java:429)
	at io.appium.java_client.DefaultGenericMobileDriver.findElementByClassName(DefaultGenericMobileDriver.java:110)
	at io.appium.java_client.AppiumDriver.findElementByClassName(AppiumDriver.java:1)
	at io.appium.java_client.ios.IOSDriver.findElementByClassName(IOSDriver.java:1)
	at com.weather.Genaral.MoveTo_TestMode.testmode(MoveTo_TestMode.java:55)
	at com.weather.SmokeTestcases.SmokeTest_C402853_Verifybigbannerad_LSModules.verify_adpresent_onLSModule_page(SmokeTest_C402853_Verifybigbannerad_LSModules.java:33)
	at com.weather.RunTest.Smoke_Test.C402853_Verifybigbannerad_LSModules(Smoke_Test.java:208)
	at sun.reflect.NativeMethodAccessorImpl.invoke0(Native Method)
	at sun.reflect.NativeMethodAccessorImpl.invoke(NativeMethodAccessorImpl.java:62)
	at sun.reflect.DelegatingMethodAccessorImpl.invoke(DelegatingMethodAccessorImpl.java:43)
	at java.lang.reflect.Method.invoke(Method.java:497)
	at org.testng.internal.MethodInvocationHelper.invokeMethod(MethodInvocationHelper.java:85)
	at org.testng.internal.Invoker.invokeMethod(Invoker.java:659)
	at org.testng.internal.Invoker.invokeTestMethod(Invoker.java:845)
	at org.testng.internal.Invoker.invokeTestMethods(Invoker.java:1153)
	at org.testng.internal.TestMethodWorker.invokeTestMethods(TestMethodWorker.java:125)
	at org.testng.internal.TestMethodWorker.run(TestMethodWorker.java:108)
	at org.testng.TestRunner.privateRun(TestRunner.java:771)
	at org.testng.TestRunner.run(TestRunner.java:621)
	at org.testng.SuiteRunner.runTest(SuiteRunner.java:357)
	at org.testng.SuiteRunner.runSequentially(SuiteRunner.java:352)
	at org.testng.SuiteRunner.privateRun(SuiteRunner.java:310)
	at org.testng.SuiteRunner.run(SuiteRunner.java:259)
	at org.testng.SuiteRunnerWorker.runSuite(SuiteRunnerWorker.java:52)
	at org.testng.SuiteRunnerWorker.run(SuiteRunnerWorker.java:86)
	at org.testng.TestNG.runSuitesSequentially(TestNG.java:1199)
	at org.testng.TestNG.runSuitesLocally(TestNG.java:1124)
	at org.testng.TestNG.run(TestNG.java:1032)
	at org.testng.remote.RemoteTestNG.run(RemoteTestNG.java:111)
	at org.testng.remote.RemoteTestNG.initAndRun(RemoteTestNG.java:204)
	at org.testng.remote.RemoteTestNG.main(RemoteTestNG.java:175)
]]>
    </failure>
  </testcase> <!-- C402853_Verifybigbannerad_LSModules -->
</testsuite> <!-- Default test -->
