<?xml version="1.0" encoding="UTF-8"?>
<testng-results skipped="0" failed="1" total="11" passed="10">
  <reporter-output>
    <line>
      <![CDATA[STEP1]]>
    </line>
    <line>
      <![CDATA[STEP2]]>
    </line>
    <line>
      <![CDATA[STEP3]]>
    </line>
    <line>
      <![CDATA[STEP4]]>
    </line>
    <line>
      <![CDATA[STEP5]]>
    </line>
    <line>
      <![CDATA[STEP6]]>
    </line>
    <line>
      <![CDATA[STEP7]]>
    </line>
    <line>
      <![CDATA[STEP8]]>
    </line>
    <line>
      <![CDATA[STEP9]]>
    </line>
    <line>
      <![CDATA[STEP10]]>
    </line>
    <line>
      <![CDATA[STEP11]]>
    </line>
    <line>
      <![CDATA[STEP12]]>
    </line>
    <line>
      <![CDATA[STEP13]]>
    </line>
    <line>
      <![CDATA[STEP14]]>
    </line>
    <line>
      <![CDATA[STEP15]]>
    </line>
    <line>
      <![CDATA[STEP16]]>
    </line>
    <line>
      <![CDATA[STEP17]]>
    </line>
    <line>
      <![CDATA[STEP18]]>
    </line>
    <line>
      <![CDATA[STEP19]]>
    </line>
    <line>
      <![CDATA[STEP20]]>
    </line>
    <line>
      <![CDATA[STEP21]]>
    </line>
    <line>
      <![CDATA[STEP22]]>
    </line>
    <line>
      <![CDATA[STEP23]]>
    </line>
    <line>
      <![CDATA[STEP24]]>
    </line>
    <line>
      <![CDATA[STEP25]]>
    </line>
    <line>
      <![CDATA[STEP26]]>
    </line>
    <line>
      <![CDATA[STEP27]]>
    </line>
    <line>
      <![CDATA[STEP28]]>
    </line>
    <line>
      <![CDATA[STEP29]]>
    </line>
    <line>
      <![CDATA[STEP30]]>
    </line>
    <line>
      <![CDATA[STEP31]]>
    </line>
    <line>
      <![CDATA[STEP32]]>
    </line>
    <line>
      <![CDATA[STEP33]]>
    </line>
    <line>
      <![CDATA[STEP34]]>
    </line>
    <line>
      <![CDATA[STEP35]]>
    </line>
    <line>
      <![CDATA[STEP36]]>
    </line>
    <line>
      <![CDATA[STEP37]]>
    </line>
    <line>
      <![CDATA[STEP38]]>
    </line>
    <line>
      <![CDATA[STEP39]]>
    </line>
    <line>
      <![CDATA[STEP40]]>
    </line>
    <line>
      <![CDATA[STEP41]]>
    </line>
    <line>
      <![CDATA[STEP42]]>
    </line>
    <line>
      <![CDATA[STEP43]]>
    </line>
    <line>
      <![CDATA[STEP44]]>
    </line>
  </reporter-output>
  <suite name="Default suite" duration-ms="871840" started-at="2016-03-03T15:40:37Z" finished-at="2016-03-03T15:55:09Z">
    <groups>
    </groups>
    <test name="Default test" duration-ms="871840" started-at="2016-03-03T15:40:37Z" finished-at="2016-03-03T15:55:09Z">
      <class name="com.weather.RunTest.Smoke_Test">
        <test-method status="PASS" signature="beforeTest()[pri:0, instance:com.weather.RunTest.Smoke_Test@60f82f98]" name="beforeTest" is-config="true" duration-ms="11" started-at="2016-03-03T21:10:37Z" finished-at="2016-03-03T21:10:37Z">
          <reporter-output>
          </reporter-output>
        </test-method> <!-- beforeTest -->
        <test-method status="PASS" signature="beforeClass()[pri:0, instance:com.weather.RunTest.Smoke_Test@60f82f98]" name="beforeClass" is-config="true" duration-ms="10" started-at="2016-03-03T21:10:37Z" finished-at="2016-03-03T21:10:37Z">
          <reporter-output>
            <line>
              <![CDATA[STEP1]]>
            </line>
          </reporter-output>
        </test-method> <!-- beforeClass -->
        <test-method status="PASS" signature="FirstRun()[pri:0, instance:com.weather.RunTest.Smoke_Test@60f82f98]" name="FirstRun" duration-ms="190476" started-at="2016-03-03T21:10:37Z" finished-at="2016-03-03T21:13:47Z">
          <reporter-output>
            <line>
              <![CDATA[STEP2]]>
            </line>
            <line>
              <![CDATA[STEP3]]>
            </line>
            <line>
              <![CDATA[STEP4]]>
            </line>
          </reporter-output>
        </test-method> <!-- FirstRun -->
        <test-method status="PASS" signature="test(org.testng.ITestResult)[pri:0, instance:com.weather.RunTest.Smoke_Test@60f82f98]" name="test" is-config="true" duration-ms="1" started-at="2016-03-03T21:13:47Z" finished-at="2016-03-03T21:13:47Z">
          <params>
            <param index="0">
              <value>
                <![CDATA[[TestResult name=FirstRun status=SUCCESS method=Smoke_Test.FirstRun()[pri:0, instance:com.weather.RunTest.Smoke_Test@60f82f98] output=STEP2]]]>
              </value>
            </param>
          </params>
          <reporter-output>
          </reporter-output>
        </test-method> <!-- test -->
        <test-method status="PASS" signature="c334150_pulltoRefresh()[pri:0, instance:com.weather.RunTest.Smoke_Test@60f82f98]" name="c334150_pulltoRefresh" duration-ms="28613" started-at="2016-03-03T21:13:47Z" finished-at="2016-03-03T21:14:16Z">
          <reporter-output>
            <line>
              <![CDATA[STEP5]]>
            </line>
            <line>
              <![CDATA[STEP6]]>
            </line>
            <line>
              <![CDATA[STEP7]]>
            </line>
          </reporter-output>
        </test-method> <!-- c334150_pulltoRefresh -->
        <test-method status="PASS" signature="c334145_factualCall_onfreshlaunch()[pri:0, instance:com.weather.RunTest.Smoke_Test@60f82f98]" name="c334145_factualCall_onfreshlaunch" duration-ms="124" started-at="2016-03-03T21:14:16Z" finished-at="2016-03-03T21:14:16Z">
          <reporter-output>
            <line>
              <![CDATA[STEP8]]>
            </line>
            <line>
              <![CDATA[STEP9]]>
            </line>
            <line>
              <![CDATA[STEP10]]>
            </line>
          </reporter-output>
        </test-method> <!-- c334145_factualCall_onfreshlaunch -->
        <test-method status="PASS" signature="test(org.testng.ITestResult)[pri:0, instance:com.weather.RunTest.Smoke_Test@60f82f98]" name="test" is-config="true" duration-ms="0" started-at="2016-03-03T21:14:16Z" finished-at="2016-03-03T21:14:16Z">
          <params>
            <param index="0">
              <value>
                <![CDATA[[TestResult name=c334150_pulltoRefresh status=SUCCESS method=Smoke_Test.c334150_pulltoRefresh()[pri:0, instance:com.weather.RunTest.Smoke_Test@60f82f98] output=STEP5]]]>
              </value>
            </param>
          </params>
          <reporter-output>
          </reporter-output>
        </test-method> <!-- test -->
        <test-method status="PASS" signature="test(org.testng.ITestResult)[pri:0, instance:com.weather.RunTest.Smoke_Test@60f82f98]" name="test" is-config="true" duration-ms="1" started-at="2016-03-03T21:14:16Z" finished-at="2016-03-03T21:14:16Z">
          <params>
            <param index="0">
              <value>
                <![CDATA[[TestResult name=c334145_factualCall_onfreshlaunch status=SUCCESS method=Smoke_Test.c334145_factualCall_onfreshlaunch()[pri:0, instance:com.weather.RunTest.Smoke_Test@60f82f98] output=STEP8]]]>
              </value>
            </param>
          </params>
          <reporter-output>
          </reporter-output>
        </test-method> <!-- test -->
        <test-method status="PASS" signature="c334144_verify_WeatheFX_ApiCall()[pri:0, instance:com.weather.RunTest.Smoke_Test@60f82f98]" name="c334144_verify_WeatheFX_ApiCall" duration-ms="13695" started-at="2016-03-03T21:14:16Z" finished-at="2016-03-03T21:14:30Z">
          <reporter-output>
            <line>
              <![CDATA[STEP11]]>
            </line>
            <line>
              <![CDATA[STEP12]]>
            </line>
            <line>
              <![CDATA[STEP13]]>
            </line>
            <line>
              <![CDATA[STEP14]]>
            </line>
          </reporter-output>
        </test-method> <!-- c334144_verify_WeatheFX_ApiCall -->
        <test-method status="PASS" signature="test(org.testng.ITestResult)[pri:0, instance:com.weather.RunTest.Smoke_Test@60f82f98]" name="test" is-config="true" duration-ms="1" started-at="2016-03-03T21:14:30Z" finished-at="2016-03-03T21:14:30Z">
          <params>
            <param index="0">
              <value>
                <![CDATA[[TestResult name=c334144_verify_WeatheFX_ApiCall status=SUCCESS method=Smoke_Test.c334144_verify_WeatheFX_ApiCall()[pri:0, instance:com.weather.RunTest.Smoke_Test@60f82f98] output=STEP11]]]>
              </value>
            </param>
          </params>
          <reporter-output>
          </reporter-output>
        </test-method> <!-- test -->
        <test-method status="PASS" signature="c334153_lotame_call_verify()[pri:0, instance:com.weather.RunTest.Smoke_Test@60f82f98]" name="c334153_lotame_call_verify" duration-ms="194" started-at="2016-03-03T21:14:30Z" finished-at="2016-03-03T21:14:30Z">
          <reporter-output>
          </reporter-output>
        </test-method> <!-- c334153_lotame_call_verify -->
        <test-method status="PASS" signature="c334143_verify_adcals_on_clean_launch()[pri:0, instance:com.weather.RunTest.Smoke_Test@60f82f98]" name="c334143_verify_adcals_on_clean_launch" duration-ms="100618" started-at="2016-03-03T21:14:30Z" finished-at="2016-03-03T21:16:11Z">
          <reporter-output>
            <line>
              <![CDATA[STEP15]]>
            </line>
            <line>
              <![CDATA[STEP16]]>
            </line>
            <line>
              <![CDATA[STEP17]]>
            </line>
            <line>
              <![CDATA[STEP18]]>
            </line>
            <line>
              <![CDATA[STEP19]]>
            </line>
            <line>
              <![CDATA[STEP20]]>
            </line>
            <line>
              <![CDATA[STEP21]]>
            </line>
          </reporter-output>
        </test-method> <!-- c334143_verify_adcals_on_clean_launch -->
        <test-method status="PASS" signature="test(org.testng.ITestResult)[pri:0, instance:com.weather.RunTest.Smoke_Test@60f82f98]" name="test" is-config="true" duration-ms="0" started-at="2016-03-03T21:14:30Z" finished-at="2016-03-03T21:14:30Z">
          <params>
            <param index="0">
              <value>
                <![CDATA[[TestResult name=c334153_lotame_call_verify status=SUCCESS method=Smoke_Test.c334153_lotame_call_verify()[pri:0, instance:com.weather.RunTest.Smoke_Test@60f82f98] output={null}]]]>
              </value>
            </param>
          </params>
          <reporter-output>
          </reporter-output>
        </test-method> <!-- test -->
        <test-method status="PASS" signature="test(org.testng.ITestResult)[pri:0, instance:com.weather.RunTest.Smoke_Test@60f82f98]" name="test" is-config="true" duration-ms="0" started-at="2016-03-03T21:16:11Z" finished-at="2016-03-03T21:16:11Z">
          <params>
            <param index="0">
              <value>
                <![CDATA[[TestResult name=c334143_verify_adcals_on_clean_launch status=SUCCESS method=Smoke_Test.c334143_verify_adcals_on_clean_launch()[pri:0, instance:com.weather.RunTest.Smoke_Test@60f82f98] output=STEP15]]]>
              </value>
            </param>
          </params>
          <reporter-output>
          </reporter-output>
        </test-method> <!-- test -->
        <test-method status="PASS" signature="c334146_Verify_adon_HourlyExtended_page()[pri:0, instance:com.weather.RunTest.Smoke_Test@60f82f98]" name="c334146_Verify_adon_HourlyExtended_page" duration-ms="57299" started-at="2016-03-03T21:16:11Z" finished-at="2016-03-03T21:17:08Z">
          <reporter-output>
            <line>
              <![CDATA[STEP22]]>
            </line>
            <line>
              <![CDATA[STEP23]]>
            </line>
            <line>
              <![CDATA[STEP24]]>
            </line>
            <line>
              <![CDATA[STEP25]]>
            </line>
            <line>
              <![CDATA[STEP26]]>
            </line>
          </reporter-output>
        </test-method> <!-- c334146_Verify_adon_HourlyExtended_page -->
        <test-method status="PASS" signature="test(org.testng.ITestResult)[pri:0, instance:com.weather.RunTest.Smoke_Test@60f82f98]" name="test" is-config="true" duration-ms="0" started-at="2016-03-03T21:17:08Z" finished-at="2016-03-03T21:17:08Z">
          <params>
            <param index="0">
              <value>
                <![CDATA[[TestResult name=c334146_Verify_adon_HourlyExtended_page status=SUCCESS method=Smoke_Test.c334146_Verify_adon_HourlyExtended_page()[pri:0, instance:com.weather.RunTest.Smoke_Test@60f82f98] output=STEP22]]]>
              </value>
            </param>
          </params>
          <reporter-output>
          </reporter-output>
        </test-method> <!-- test -->
        <test-method status="PASS" signature="c334151_Verify_adon_10DaysExtended_page()[pri:0, instance:com.weather.RunTest.Smoke_Test@60f82f98]" name="c334151_Verify_adon_10DaysExtended_page" duration-ms="27906" started-at="2016-03-03T21:17:08Z" finished-at="2016-03-03T21:17:36Z">
          <reporter-output>
            <line>
              <![CDATA[STEP27]]>
            </line>
            <line>
              <![CDATA[STEP28]]>
            </line>
            <line>
              <![CDATA[STEP29]]>
            </line>
            <line>
              <![CDATA[STEP30]]>
            </line>
            <line>
              <![CDATA[STEP31]]>
            </line>
          </reporter-output>
        </test-method> <!-- c334151_Verify_adon_10DaysExtended_page -->
        <test-method status="PASS" signature="test(org.testng.ITestResult)[pri:0, instance:com.weather.RunTest.Smoke_Test@60f82f98]" name="test" is-config="true" duration-ms="1" started-at="2016-03-03T21:17:36Z" finished-at="2016-03-03T21:17:36Z">
          <params>
            <param index="0">
              <value>
                <![CDATA[[TestResult name=c334151_Verify_adon_10DaysExtended_page status=SUCCESS method=Smoke_Test.c334151_Verify_adon_10DaysExtended_page()[pri:0, instance:com.weather.RunTest.Smoke_Test@60f82f98] output=STEP27]]]>
              </value>
            </param>
          </params>
          <reporter-output>
          </reporter-output>
        </test-method> <!-- test -->
        <test-method status="PASS" signature="c334147_Verify_adon_MapsExtended_page()[pri:0, instance:com.weather.RunTest.Smoke_Test@60f82f98]" name="c334147_Verify_adon_MapsExtended_page" duration-ms="41770" started-at="2016-03-03T21:17:36Z" finished-at="2016-03-03T21:18:18Z">
          <reporter-output>
            <line>
              <![CDATA[STEP32]]>
            </line>
            <line>
              <![CDATA[STEP33]]>
            </line>
            <line>
              <![CDATA[STEP34]]>
            </line>
            <line>
              <![CDATA[STEP35]]>
            </line>
            <line>
              <![CDATA[STEP36]]>
            </line>
          </reporter-output>
        </test-method> <!-- c334147_Verify_adon_MapsExtended_page -->
        <test-method status="PASS" signature="test(org.testng.ITestResult)[pri:0, instance:com.weather.RunTest.Smoke_Test@60f82f98]" name="test" is-config="true" duration-ms="0" started-at="2016-03-03T21:18:18Z" finished-at="2016-03-03T21:18:18Z">
          <params>
            <param index="0">
              <value>
                <![CDATA[[TestResult name=c334147_Verify_adon_MapsExtended_page status=SUCCESS method=Smoke_Test.c334147_Verify_adon_MapsExtended_page()[pri:0, instance:com.weather.RunTest.Smoke_Test@60f82f98] output=STEP32]]]>
              </value>
            </param>
          </params>
          <reporter-output>
          </reporter-output>
        </test-method> <!-- test -->
        <test-method status="PASS" signature="c334148_Verify_adon_NewsExtended_page()[pri:0, instance:com.weather.RunTest.Smoke_Test@60f82f98]" name="c334148_Verify_adon_NewsExtended_page" duration-ms="199486" started-at="2016-03-03T21:18:18Z" finished-at="2016-03-03T21:21:37Z">
          <reporter-output>
            <line>
              <![CDATA[STEP37]]>
            </line>
            <line>
              <![CDATA[STEP38]]>
            </line>
            <line>
              <![CDATA[STEP39]]>
            </line>
            <line>
              <![CDATA[STEP40]]>
            </line>
            <line>
              <![CDATA[STEP41]]>
            </line>
          </reporter-output>
        </test-method> <!-- c334148_Verify_adon_NewsExtended_page -->
        <test-method status="PASS" signature="test(org.testng.ITestResult)[pri:0, instance:com.weather.RunTest.Smoke_Test@60f82f98]" name="test" is-config="true" duration-ms="1" started-at="2016-03-03T21:21:37Z" finished-at="2016-03-03T21:21:37Z">
          <params>
            <param index="0">
              <value>
                <![CDATA[[TestResult name=c334148_Verify_adon_NewsExtended_page status=SUCCESS method=Smoke_Test.c334148_Verify_adon_NewsExtended_page()[pri:0, instance:com.weather.RunTest.Smoke_Test@60f82f98] output=STEP37]]]>
              </value>
            </param>
          </params>
          <reporter-output>
          </reporter-output>
        </test-method> <!-- test -->
        <test-method status="FAIL" signature="C402853_Verifybigbannerad_LSModules()[pri:0, instance:com.weather.RunTest.Smoke_Test@60f82f98]" name="C402853_Verifybigbannerad_LSModules" duration-ms="211488" started-at="2016-03-03T21:21:37Z" finished-at="2016-03-03T21:25:09Z">
          <exception class="org.openqa.selenium.NoSuchElementException">
            <message>
              <![CDATA[An element could not be located on the page using the given search parameters. (WARNING: The server did not provide any stacktrace information)
Command duration or timeout: 61.32 seconds
For documentation on this error, please visit: http://seleniumhq.org/exceptions/no_such_element.html
Build info: version: '2.47.1', revision: 'unknown', time: '2015-07-30 11:02:44'
System info: host: 'localhost', ip: '127.0.0.1', os.name: 'Mac OS X', os.arch: 'x86_64', os.version: '10.11.1', java.version: '1.8.0_60'
Driver info: io.appium.java_client.ios.IOSDriver
Capabilities [{appPackage=com.weather.Weather, networkConnectionEnabled=false, warnings={}, bundleId=com.weather.TWC, databaseEnabled=false, deviceName==iPod (8.4) [707cc1d9c294b37fe5e70b7584163a100ae6166f], platform=MAC, appActivity=com.weather.Weather.app.SplashScreenActivity, desired={appPackage=com.weather.Weather, appActivity=com.weather.Weather.app.SplashScreenActivity, newCommandTimeout=100000, platformVersion=8.4, bundleId=com.weather.TWC, browserName=iOS, platformName=iOS, device=iPhone, deviceName==iPod (8.4) [707cc1d9c294b37fe5e70b7584163a100ae6166f], platform=MAC, autoAcceptAlerts=true}, newCommandTimeout=100000, platformVersion=8.4, webStorageEnabled=false, locationContextEnabled=false, browserName=iOS, takesScreenshot=true, javascriptEnabled=true, platformName=iOS, device=iPhone, autoAcceptAlerts=true}]
Session ID: 7b294025-3b39-461f-af67-95423df3273b
*** Element info: {Using=class name, value=UIASearchBar}]]>
            </message>
            <full-stacktrace>
              <![CDATA[org.openqa.selenium.NoSuchElementException: An element could not be located on the page using the given search parameters. (WARNING: The server did not provide any stacktrace information)
Command duration or timeout: 61.32 seconds
For documentation on this error, please visit: http://seleniumhq.org/exceptions/no_such_element.html
Build info: version: '2.47.1', revision: 'unknown', time: '2015-07-30 11:02:44'
System info: host: 'localhost', ip: '127.0.0.1', os.name: 'Mac OS X', os.arch: 'x86_64', os.version: '10.11.1', java.version: '1.8.0_60'
Driver info: io.appium.java_client.ios.IOSDriver
Capabilities [{appPackage=com.weather.Weather, networkConnectionEnabled=false, warnings={}, bundleId=com.weather.TWC, databaseEnabled=false, deviceName==iPod (8.4) [707cc1d9c294b37fe5e70b7584163a100ae6166f], platform=MAC, appActivity=com.weather.Weather.app.SplashScreenActivity, desired={appPackage=com.weather.Weather, appActivity=com.weather.Weather.app.SplashScreenActivity, newCommandTimeout=100000, platformVersion=8.4, bundleId=com.weather.TWC, browserName=iOS, platformName=iOS, device=iPhone, deviceName==iPod (8.4) [707cc1d9c294b37fe5e70b7584163a100ae6166f], platform=MAC, autoAcceptAlerts=true}, newCommandTimeout=100000, platformVersion=8.4, webStorageEnabled=false, locationContextEnabled=false, browserName=iOS, takesScreenshot=true, javascriptEnabled=true, platformName=iOS, device=iPhone, autoAcceptAlerts=true}]
Session ID: 7b294025-3b39-461f-af67-95423df3273b
*** Element info: {Using=class name, value=UIASearchBar}
	at sun.reflect.NativeConstructorAccessorImpl.newInstance0(Native Method)
	at sun.reflect.NativeConstructorAccessorImpl.newInstance(NativeConstructorAccessorImpl.java:62)
	at sun.reflect.DelegatingConstructorAccessorImpl.newInstance(DelegatingConstructorAccessorImpl.java:45)
	at java.lang.reflect.Constructor.newInstance(Constructor.java:422)
	at org.openqa.selenium.remote.ErrorHandler.createThrowable(ErrorHandler.java:206)
	at org.openqa.selenium.remote.ErrorHandler.throwIfResponseFailed(ErrorHandler.java:158)
	at org.openqa.selenium.remote.RemoteWebDriver.execute(RemoteWebDriver.java:595)
	at io.appium.java_client.DefaultGenericMobileDriver.execute(DefaultGenericMobileDriver.java:42)
	at io.appium.java_client.AppiumDriver.execute(AppiumDriver.java:1)
	at io.appium.java_client.ios.IOSDriver.execute(IOSDriver.java:1)
	at org.openqa.selenium.remote.RemoteWebDriver.findElement(RemoteWebDriver.java:348)
	at org.openqa.selenium.remote.RemoteWebDriver.findElementByClassName(RemoteWebDriver.java:429)
	at io.appium.java_client.DefaultGenericMobileDriver.findElementByClassName(DefaultGenericMobileDriver.java:110)
	at io.appium.java_client.AppiumDriver.findElementByClassName(AppiumDriver.java:1)
	at io.appium.java_client.ios.IOSDriver.findElementByClassName(IOSDriver.java:1)
	at com.weather.Genaral.MoveTo_TestMode.testmode(MoveTo_TestMode.java:55)
	at com.weather.SmokeTestcases.SmokeTest_C402853_Verifybigbannerad_LSModules.verify_adpresent_onLSModule_page(SmokeTest_C402853_Verifybigbannerad_LSModules.java:33)
	at com.weather.RunTest.Smoke_Test.C402853_Verifybigbannerad_LSModules(Smoke_Test.java:208)
	at sun.reflect.NativeMethodAccessorImpl.invoke0(Native Method)
	at sun.reflect.NativeMethodAccessorImpl.invoke(NativeMethodAccessorImpl.java:62)
	at sun.reflect.DelegatingMethodAccessorImpl.invoke(DelegatingMethodAccessorImpl.java:43)
	at java.lang.reflect.Method.invoke(Method.java:497)
	at org.testng.internal.MethodInvocationHelper.invokeMethod(MethodInvocationHelper.java:85)
	at org.testng.internal.Invoker.invokeMethod(Invoker.java:659)
	at org.testng.internal.Invoker.invokeTestMethod(Invoker.java:845)
	at org.testng.internal.Invoker.invokeTestMethods(Invoker.java:1153)
	at org.testng.internal.TestMethodWorker.invokeTestMethods(TestMethodWorker.java:125)
	at org.testng.internal.TestMethodWorker.run(TestMethodWorker.java:108)
	at org.testng.TestRunner.privateRun(TestRunner.java:771)
	at org.testng.TestRunner.run(TestRunner.java:621)
	at org.testng.SuiteRunner.runTest(SuiteRunner.java:357)
	at org.testng.SuiteRunner.runSequentially(SuiteRunner.java:352)
	at org.testng.SuiteRunner.privateRun(SuiteRunner.java:310)
	at org.testng.SuiteRunner.run(SuiteRunner.java:259)
	at org.testng.SuiteRunnerWorker.runSuite(SuiteRunnerWorker.java:52)
	at org.testng.SuiteRunnerWorker.run(SuiteRunnerWorker.java:86)
	at org.testng.TestNG.runSuitesSequentially(TestNG.java:1199)
	at org.testng.TestNG.runSuitesLocally(TestNG.java:1124)
	at org.testng.TestNG.run(TestNG.java:1032)
	at org.testng.remote.RemoteTestNG.run(RemoteTestNG.java:111)
	at org.testng.remote.RemoteTestNG.initAndRun(RemoteTestNG.java:204)
	at org.testng.remote.RemoteTestNG.main(RemoteTestNG.java:175)
]]>
            </full-stacktrace>
          </exception> <!-- org.openqa.selenium.NoSuchElementException -->
          <reporter-output>
            <line>
              <![CDATA[STEP42]]>
            </line>
          </reporter-output>
        </test-method> <!-- C402853_Verifybigbannerad_LSModules -->
        <test-method status="PASS" signature="test(org.testng.ITestResult)[pri:0, instance:com.weather.RunTest.Smoke_Test@60f82f98]" name="test" is-config="true" duration-ms="36" started-at="2016-03-03T21:25:09Z" finished-at="2016-03-03T21:25:09Z">
          <params>
            <param index="0">
              <value>
                <![CDATA[[TestResult name=C402853_Verifybigbannerad_LSModules status=FAILURE method=Smoke_Test.C402853_Verifybigbannerad_LSModules()[pri:0, instance:com.weather.RunTest.Smoke_Test@60f82f98] output=STEP42]]]>
              </value>
            </param>
          </params>
          <reporter-output>
          </reporter-output>
        </test-method> <!-- test -->
        <test-method status="PASS" signature="afterTest()[pri:0, instance:com.weather.RunTest.Smoke_Test@60f82f98]" name="afterTest" is-config="true" duration-ms="12" started-at="2016-03-03T21:25:09Z" finished-at="2016-03-03T21:25:09Z">
          <reporter-output>
            <line>
              <![CDATA[STEP43]]>
            </line>
          </reporter-output>
        </test-method> <!-- afterTest -->
        <test-method status="PASS" signature="movefiles()[pri:0, instance:com.weather.RunTest.Smoke_Test@60f82f98]" name="movefiles" is-config="true" duration-ms="117" started-at="2016-03-03T21:25:09Z" finished-at="2016-03-03T21:25:09Z">
          <reporter-output>
            <line>
              <![CDATA[STEP44]]>
            </line>
          </reporter-output>
        </test-method> <!-- movefiles -->
      </class> <!-- com.weather.RunTest.Smoke_Test -->
    </test> <!-- Default test -->
  </suite> <!-- Default suite -->
</testng-results>
