<?xml version="1.0" encoding="UTF-8"?>
<testng-results skipped="0" failed="10" total="12" passed="2">
  <reporter-output>
    <line>
      <![CDATA[STEP1]]>
    </line>
    <line>
      <![CDATA[STEP2]]>
    </line>
    <line>
      <![CDATA[STEP3]]>
    </line>
    <line>
      <![CDATA[STEP4]]>
    </line>
    <line>
      <![CDATA[STEP5]]>
    </line>
    <line>
      <![CDATA[STEP6]]>
    </line>
    <line>
      <![CDATA[STEP7]]>
    </line>
    <line>
      <![CDATA[STEP8]]>
    </line>
    <line>
      <![CDATA[STEP9]]>
    </line>
  </reporter-output>
  <suite name="TWC_Smoke_Suite" duration-ms="4645" started-at="2016-02-23T11:44:02Z" finished-at="2016-02-23T11:44:07Z">
    <groups>
    </groups>
    <test name="TWC_Smoke_Test" duration-ms="4645" started-at="2016-02-23T11:44:02Z" finished-at="2016-02-23T11:44:07Z">
      <class name="com.weather.RunTest.Smoke_Test">
        <test-method status="PASS" signature="beforeTest()[pri:0, instance:com.weather.RunTest.Smoke_Test@26ba2a48]" name="beforeTest" is-config="true" duration-ms="16" started-at="2016-02-23T17:14:02Z" finished-at="2016-02-23T17:14:02Z">
          <reporter-output>
          </reporter-output>
        </test-method> <!-- beforeTest -->
        <test-method status="PASS" signature="beforeClass()[pri:0, instance:com.weather.RunTest.Smoke_Test@26ba2a48]" name="beforeClass" is-config="true" duration-ms="14" started-at="2016-02-23T17:14:02Z" finished-at="2016-02-23T17:14:02Z">
          <reporter-output>
            <line>
              <![CDATA[STEP1]]>
            </line>
          </reporter-output>
        </test-method> <!-- beforeClass -->
        <test-method status="FAIL" signature="FirstRun()[pri:0, instance:com.weather.RunTest.Smoke_Test@26ba2a48]" name="FirstRun" duration-ms="3415" started-at="2016-02-23T17:14:02Z" finished-at="2016-02-23T17:14:06Z">
          <exception class="java.io.FileNotFoundException">
            <message>
              <![CDATA[/Users/aparna/Documents/Naresh/com.weather.SmokeTest/Files/syslog.log (No such file or directory)]]>
            </message>
            <full-stacktrace>
              <![CDATA[java.io.FileNotFoundException: /Users/aparna/Documents/Naresh/com.weather.SmokeTest/Files/syslog.log (No such file or directory)
	at java.io.FileInputStream.open0(Native Method)
	at java.io.FileInputStream.open(FileInputStream.java:195)
	at java.io.FileInputStream.<init>(FileInputStream.java:138)
	at java.io.FileInputStream.<init>(FileInputStream.java:93)
	at java.io.FileReader.<init>(FileReader.java:58)
	at com.weather.appium.Install_the_app.install(Install_the_app.java:22)
	at com.weather.RunTest.Smoke_Test.FirstRun(Smoke_Test.java:91)
	at sun.reflect.NativeMethodAccessorImpl.invoke0(Native Method)
	at sun.reflect.NativeMethodAccessorImpl.invoke(NativeMethodAccessorImpl.java:62)
	at sun.reflect.DelegatingMethodAccessorImpl.invoke(DelegatingMethodAccessorImpl.java:43)
	at java.lang.reflect.Method.invoke(Method.java:497)
	at org.testng.internal.MethodInvocationHelper.invokeMethod(MethodInvocationHelper.java:85)
	at org.testng.internal.Invoker.invokeMethod(Invoker.java:659)
	at org.testng.internal.Invoker.invokeTestMethod(Invoker.java:845)
	at org.testng.internal.Invoker.invokeTestMethods(Invoker.java:1153)
	at org.testng.internal.TestMethodWorker.invokeTestMethods(TestMethodWorker.java:125)
	at org.testng.internal.TestMethodWorker.run(TestMethodWorker.java:108)
	at org.testng.TestRunner.privateRun(TestRunner.java:771)
	at org.testng.TestRunner.run(TestRunner.java:621)
	at org.testng.SuiteRunner.runTest(SuiteRunner.java:357)
	at org.testng.SuiteRunner.runSequentially(SuiteRunner.java:352)
	at org.testng.SuiteRunner.privateRun(SuiteRunner.java:310)
	at org.testng.SuiteRunner.run(SuiteRunner.java:259)
	at org.testng.SuiteRunnerWorker.runSuite(SuiteRunnerWorker.java:52)
	at org.testng.SuiteRunnerWorker.run(SuiteRunnerWorker.java:86)
	at org.testng.TestNG.runSuitesSequentially(TestNG.java:1199)
	at org.testng.TestNG.runSuitesLocally(TestNG.java:1124)
	at org.testng.TestNG.run(TestNG.java:1032)
	at org.apache.maven.surefire.testng.TestNGExecutor.run(TestNGExecutor.java:73)
	at org.apache.maven.surefire.testng.TestNGXmlTestSuite.execute(TestNGXmlTestSuite.java:94)
	at org.apache.maven.surefire.Surefire.run(Surefire.java:169)
	at sun.reflect.NativeMethodAccessorImpl.invoke0(Native Method)
	at sun.reflect.NativeMethodAccessorImpl.invoke(NativeMethodAccessorImpl.java:62)
	at sun.reflect.DelegatingMethodAccessorImpl.invoke(DelegatingMethodAccessorImpl.java:43)
	at java.lang.reflect.Method.invoke(Method.java:497)
	at org.apache.maven.surefire.booter.SurefireBooter.runSuitesInProcess(SurefireBooter.java:350)
	at org.apache.maven.surefire.booter.SurefireBooter.main(SurefireBooter.java:1021)
]]>
            </full-stacktrace>
          </exception> <!-- java.io.FileNotFoundException -->
          <reporter-output>
          </reporter-output>
        </test-method> <!-- FirstRun -->
        <test-method status="PASS" signature="test(org.testng.ITestResult)[pri:0, instance:com.weather.RunTest.Smoke_Test@26ba2a48]" name="test" is-config="true" duration-ms="545" started-at="2016-02-23T17:14:06Z" finished-at="2016-02-23T17:14:06Z">
          <params>
            <param index="0">
              <value>
                <![CDATA[[TestResult name=FirstRun status=FAILURE method=Smoke_Test.FirstRun()[pri:0, instance:com.weather.RunTest.Smoke_Test@26ba2a48] output={null}]]]>
              </value>
            </param>
          </params>
          <reporter-output>
          </reporter-output>
        </test-method> <!-- test -->
        <test-method status="FAIL" signature="c334150_pulltoRefresh()[pri:0, instance:com.weather.RunTest.Smoke_Test@26ba2a48]" name="c334150_pulltoRefresh" duration-ms="265" started-at="2016-02-23T17:14:06Z" finished-at="2016-02-23T17:14:07Z">
          <exception class="java.lang.NullPointerException">
            <full-stacktrace>
              <![CDATA[java.lang.NullPointerException
	at com.weather.SmokeTestcases.SmokeTest_c334150_Verify_onpulltorefresh.Verify_PulltoRefresh(SmokeTest_c334150_Verify_onpulltorefresh.java:62)
	at com.weather.RunTest.Smoke_Test.c334150_pulltoRefresh(Smoke_Test.java:115)
	at sun.reflect.NativeMethodAccessorImpl.invoke0(Native Method)
	at sun.reflect.NativeMethodAccessorImpl.invoke(NativeMethodAccessorImpl.java:62)
	at sun.reflect.DelegatingMethodAccessorImpl.invoke(DelegatingMethodAccessorImpl.java:43)
	at java.lang.reflect.Method.invoke(Method.java:497)
	at org.testng.internal.MethodInvocationHelper.invokeMethod(MethodInvocationHelper.java:85)
	at org.testng.internal.Invoker.invokeMethod(Invoker.java:659)
	at org.testng.internal.Invoker.invokeTestMethod(Invoker.java:845)
	at org.testng.internal.Invoker.invokeTestMethods(Invoker.java:1153)
	at org.testng.internal.TestMethodWorker.invokeTestMethods(TestMethodWorker.java:125)
	at org.testng.internal.TestMethodWorker.run(TestMethodWorker.java:108)
	at org.testng.TestRunner.privateRun(TestRunner.java:771)
	at org.testng.TestRunner.run(TestRunner.java:621)
	at org.testng.SuiteRunner.runTest(SuiteRunner.java:357)
	at org.testng.SuiteRunner.runSequentially(SuiteRunner.java:352)
	at org.testng.SuiteRunner.privateRun(SuiteRunner.java:310)
	at org.testng.SuiteRunner.run(SuiteRunner.java:259)
	at org.testng.SuiteRunnerWorker.runSuite(SuiteRunnerWorker.java:52)
	at org.testng.SuiteRunnerWorker.run(SuiteRunnerWorker.java:86)
	at org.testng.TestNG.runSuitesSequentially(TestNG.java:1199)
	at org.testng.TestNG.runSuitesLocally(TestNG.java:1124)
	at org.testng.TestNG.run(TestNG.java:1032)
	at org.apache.maven.surefire.testng.TestNGExecutor.run(TestNGExecutor.java:73)
	at org.apache.maven.surefire.testng.TestNGXmlTestSuite.execute(TestNGXmlTestSuite.java:94)
	at org.apache.maven.surefire.Surefire.run(Surefire.java:169)
	at sun.reflect.NativeMethodAccessorImpl.invoke0(Native Method)
	at sun.reflect.NativeMethodAccessorImpl.invoke(NativeMethodAccessorImpl.java:62)
	at sun.reflect.DelegatingMethodAccessorImpl.invoke(DelegatingMethodAccessorImpl.java:43)
	at java.lang.reflect.Method.invoke(Method.java:497)
	at org.apache.maven.surefire.booter.SurefireBooter.runSuitesInProcess(SurefireBooter.java:350)
	at org.apache.maven.surefire.booter.SurefireBooter.main(SurefireBooter.java:1021)
]]>
            </full-stacktrace>
          </exception> <!-- java.lang.NullPointerException -->
          <reporter-output>
          </reporter-output>
        </test-method> <!-- c334150_pulltoRefresh -->
        <test-method status="PASS" signature="test(org.testng.ITestResult)[pri:0, instance:com.weather.RunTest.Smoke_Test@26ba2a48]" name="test" is-config="true" duration-ms="2" started-at="2016-02-23T17:14:07Z" finished-at="2016-02-23T17:14:07Z">
          <params>
            <param index="0">
              <value>
                <![CDATA[[TestResult name=c334150_pulltoRefresh status=FAILURE method=Smoke_Test.c334150_pulltoRefresh()[pri:0, instance:com.weather.RunTest.Smoke_Test@26ba2a48] output={null}]]]>
              </value>
            </param>
          </params>
          <reporter-output>
          </reporter-output>
        </test-method> <!-- test -->
        <test-method status="PASS" signature="c334145_factualCall_onfreshlaunch()[pri:0, instance:com.weather.RunTest.Smoke_Test@26ba2a48]" name="c334145_factualCall_onfreshlaunch" duration-ms="117" started-at="2016-02-23T17:14:07Z" finished-at="2016-02-23T17:14:07Z">
          <reporter-output>
            <line>
              <![CDATA[STEP2]]>
            </line>
            <line>
              <![CDATA[STEP3]]>
            </line>
          </reporter-output>
        </test-method> <!-- c334145_factualCall_onfreshlaunch -->
        <test-method status="PASS" signature="test(org.testng.ITestResult)[pri:0, instance:com.weather.RunTest.Smoke_Test@26ba2a48]" name="test" is-config="true" duration-ms="0" started-at="2016-02-23T17:14:07Z" finished-at="2016-02-23T17:14:07Z">
          <params>
            <param index="0">
              <value>
                <![CDATA[[TestResult name=c334145_factualCall_onfreshlaunch status=SUCCESS method=Smoke_Test.c334145_factualCall_onfreshlaunch()[pri:0, instance:com.weather.RunTest.Smoke_Test@26ba2a48] output=STEP2]]]>
              </value>
            </param>
          </params>
          <reporter-output>
          </reporter-output>
        </test-method> <!-- test -->
        <test-method status="FAIL" signature="c334144_verify_WeatheFX_ApiCall()[pri:0, instance:com.weather.RunTest.Smoke_Test@26ba2a48]" name="c334144_verify_WeatheFX_ApiCall" duration-ms="2" started-at="2016-02-23T17:14:07Z" finished-at="2016-02-23T17:14:07Z">
          <exception class="java.lang.NullPointerException">
            <full-stacktrace>
              <![CDATA[java.lang.NullPointerException
	at com.weather.SmokeTestcases.SmokeTest_c334144_Verify_WeatheFX_ApiCall.Verify_WeatherFX_Apicall(SmokeTest_c334144_Verify_WeatheFX_ApiCall.java:64)
	at com.weather.RunTest.Smoke_Test.c334144_verify_WeatheFX_ApiCall(Smoke_Test.java:143)
	at sun.reflect.NativeMethodAccessorImpl.invoke0(Native Method)
	at sun.reflect.NativeMethodAccessorImpl.invoke(NativeMethodAccessorImpl.java:62)
	at sun.reflect.DelegatingMethodAccessorImpl.invoke(DelegatingMethodAccessorImpl.java:43)
	at java.lang.reflect.Method.invoke(Method.java:497)
	at org.testng.internal.MethodInvocationHelper.invokeMethod(MethodInvocationHelper.java:85)
	at org.testng.internal.Invoker.invokeMethod(Invoker.java:659)
	at org.testng.internal.Invoker.invokeTestMethod(Invoker.java:845)
	at org.testng.internal.Invoker.invokeTestMethods(Invoker.java:1153)
	at org.testng.internal.TestMethodWorker.invokeTestMethods(TestMethodWorker.java:125)
	at org.testng.internal.TestMethodWorker.run(TestMethodWorker.java:108)
	at org.testng.TestRunner.privateRun(TestRunner.java:771)
	at org.testng.TestRunner.run(TestRunner.java:621)
	at org.testng.SuiteRunner.runTest(SuiteRunner.java:357)
	at org.testng.SuiteRunner.runSequentially(SuiteRunner.java:352)
	at org.testng.SuiteRunner.privateRun(SuiteRunner.java:310)
	at org.testng.SuiteRunner.run(SuiteRunner.java:259)
	at org.testng.SuiteRunnerWorker.runSuite(SuiteRunnerWorker.java:52)
	at org.testng.SuiteRunnerWorker.run(SuiteRunnerWorker.java:86)
	at org.testng.TestNG.runSuitesSequentially(TestNG.java:1199)
	at org.testng.TestNG.runSuitesLocally(TestNG.java:1124)
	at org.testng.TestNG.run(TestNG.java:1032)
	at org.apache.maven.surefire.testng.TestNGExecutor.run(TestNGExecutor.java:73)
	at org.apache.maven.surefire.testng.TestNGXmlTestSuite.execute(TestNGXmlTestSuite.java:94)
	at org.apache.maven.surefire.Surefire.run(Surefire.java:169)
	at sun.reflect.NativeMethodAccessorImpl.invoke0(Native Method)
	at sun.reflect.NativeMethodAccessorImpl.invoke(NativeMethodAccessorImpl.java:62)
	at sun.reflect.DelegatingMethodAccessorImpl.invoke(DelegatingMethodAccessorImpl.java:43)
	at java.lang.reflect.Method.invoke(Method.java:497)
	at org.apache.maven.surefire.booter.SurefireBooter.runSuitesInProcess(SurefireBooter.java:350)
	at org.apache.maven.surefire.booter.SurefireBooter.main(SurefireBooter.java:1021)
]]>
            </full-stacktrace>
          </exception> <!-- java.lang.NullPointerException -->
          <reporter-output>
            <line>
              <![CDATA[STEP4]]>
            </line>
          </reporter-output>
        </test-method> <!-- c334144_verify_WeatheFX_ApiCall -->
        <test-method status="PASS" signature="test(org.testng.ITestResult)[pri:0, instance:com.weather.RunTest.Smoke_Test@26ba2a48]" name="test" is-config="true" duration-ms="1" started-at="2016-02-23T17:14:07Z" finished-at="2016-02-23T17:14:07Z">
          <params>
            <param index="0">
              <value>
                <![CDATA[[TestResult name=c334144_verify_WeatheFX_ApiCall status=FAILURE method=Smoke_Test.c334144_verify_WeatheFX_ApiCall()[pri:0, instance:com.weather.RunTest.Smoke_Test@26ba2a48] output=STEP4]]]>
              </value>
            </param>
          </params>
          <reporter-output>
          </reporter-output>
        </test-method> <!-- test -->
        <test-method status="FAIL" signature="c334153_lotame_call_verify()[pri:0, instance:com.weather.RunTest.Smoke_Test@26ba2a48]" name="c334153_lotame_call_verify" duration-ms="24" started-at="2016-02-23T17:14:07Z" finished-at="2016-02-23T17:14:07Z">
          <exception class="java.lang.AssertionError">
            <message>
              <![CDATA[null]]>
            </message>
            <full-stacktrace>
              <![CDATA[java.lang.AssertionError: null
	at org.testng.Assert.fail(Assert.java:94)
	at org.testng.Assert.fail(Assert.java:101)
	at com.weather.SmokeTestcases.SmokeTest_c334153_Verify_Lotame_onApp_Launch.Verify_Lotamecall_onapp_launch(SmokeTest_c334153_Verify_Lotame_onApp_Launch.java:98)
	at com.weather.RunTest.Smoke_Test.c334153_lotame_call_verify(Smoke_Test.java:154)
	at sun.reflect.NativeMethodAccessorImpl.invoke0(Native Method)
	at sun.reflect.NativeMethodAccessorImpl.invoke(NativeMethodAccessorImpl.java:62)
	at sun.reflect.DelegatingMethodAccessorImpl.invoke(DelegatingMethodAccessorImpl.java:43)
	at java.lang.reflect.Method.invoke(Method.java:497)
	at org.testng.internal.MethodInvocationHelper.invokeMethod(MethodInvocationHelper.java:85)
	at org.testng.internal.Invoker.invokeMethod(Invoker.java:659)
	at org.testng.internal.Invoker.invokeTestMethod(Invoker.java:845)
	at org.testng.internal.Invoker.invokeTestMethods(Invoker.java:1153)
	at org.testng.internal.TestMethodWorker.invokeTestMethods(TestMethodWorker.java:125)
	at org.testng.internal.TestMethodWorker.run(TestMethodWorker.java:108)
	at org.testng.TestRunner.privateRun(TestRunner.java:771)
	at org.testng.TestRunner.run(TestRunner.java:621)
	at org.testng.SuiteRunner.runTest(SuiteRunner.java:357)
	at org.testng.SuiteRunner.runSequentially(SuiteRunner.java:352)
	at org.testng.SuiteRunner.privateRun(SuiteRunner.java:310)
	at org.testng.SuiteRunner.run(SuiteRunner.java:259)
	at org.testng.SuiteRunnerWorker.runSuite(SuiteRunnerWorker.java:52)
	at org.testng.SuiteRunnerWorker.run(SuiteRunnerWorker.java:86)
	at org.testng.TestNG.runSuitesSequentially(TestNG.java:1199)
	at org.testng.TestNG.runSuitesLocally(TestNG.java:1124)
	at org.testng.TestNG.run(TestNG.java:1032)
	at org.apache.maven.surefire.testng.TestNGExecutor.run(TestNGExecutor.java:73)
	at org.apache.maven.surefire.testng.TestNGXmlTestSuite.execute(TestNGXmlTestSuite.java:94)
	at org.apache.maven.surefire.Surefire.run(Surefire.java:169)
	at sun.reflect.NativeMethodAccessorImpl.invoke0(Native Method)
	at sun.reflect.NativeMethodAccessorImpl.invoke(NativeMethodAccessorImpl.java:62)
	at sun.reflect.DelegatingMethodAccessorImpl.invoke(DelegatingMethodAccessorImpl.java:43)
	at java.lang.reflect.Method.invoke(Method.java:497)
	at org.apache.maven.surefire.booter.SurefireBooter.runSuitesInProcess(SurefireBooter.java:350)
	at org.apache.maven.surefire.booter.SurefireBooter.main(SurefireBooter.java:1021)
]]>
            </full-stacktrace>
          </exception> <!-- java.lang.AssertionError -->
          <reporter-output>
            <line>
              <![CDATA[STEP5]]>
            </line>
            <line>
              <![CDATA[STEP6]]>
            </line>
          </reporter-output>
        </test-method> <!-- c334153_lotame_call_verify -->
        <test-method status="PASS" signature="test(org.testng.ITestResult)[pri:0, instance:com.weather.RunTest.Smoke_Test@26ba2a48]" name="test" is-config="true" duration-ms="1" started-at="2016-02-23T17:14:07Z" finished-at="2016-02-23T17:14:07Z">
          <params>
            <param index="0">
              <value>
                <![CDATA[[TestResult name=c334153_lotame_call_verify status=FAILURE method=Smoke_Test.c334153_lotame_call_verify()[pri:0, instance:com.weather.RunTest.Smoke_Test@26ba2a48] output=STEP5]]]>
              </value>
            </param>
          </params>
          <reporter-output>
          </reporter-output>
        </test-method> <!-- test -->
        <test-method status="FAIL" signature="c334143_verify_adcals_on_clean_launch()[pri:0, instance:com.weather.RunTest.Smoke_Test@26ba2a48]" name="c334143_verify_adcals_on_clean_launch" duration-ms="10" started-at="2016-02-23T17:14:07Z" finished-at="2016-02-23T17:14:07Z">
          <exception class="java.lang.NullPointerException">
            <full-stacktrace>
              <![CDATA[java.lang.NullPointerException
	at com.weather.Genaral.app_Kill_Relaunch.Kill_realaunch(app_Kill_Relaunch.java:11)
	at com.weather.SmokeTestcases.SmokeTest_c334143_CleanLaunch.verify_adcals_onclean_launch(SmokeTest_c334143_CleanLaunch.java:52)
	at com.weather.RunTest.Smoke_Test.c334143_verify_adcals_on_clean_launch(Smoke_Test.java:167)
	at sun.reflect.NativeMethodAccessorImpl.invoke0(Native Method)
	at sun.reflect.NativeMethodAccessorImpl.invoke(NativeMethodAccessorImpl.java:62)
	at sun.reflect.DelegatingMethodAccessorImpl.invoke(DelegatingMethodAccessorImpl.java:43)
	at java.lang.reflect.Method.invoke(Method.java:497)
	at org.testng.internal.MethodInvocationHelper.invokeMethod(MethodInvocationHelper.java:85)
	at org.testng.internal.Invoker.invokeMethod(Invoker.java:659)
	at org.testng.internal.Invoker.invokeTestMethod(Invoker.java:845)
	at org.testng.internal.Invoker.invokeTestMethods(Invoker.java:1153)
	at org.testng.internal.TestMethodWorker.invokeTestMethods(TestMethodWorker.java:125)
	at org.testng.internal.TestMethodWorker.run(TestMethodWorker.java:108)
	at org.testng.TestRunner.privateRun(TestRunner.java:771)
	at org.testng.TestRunner.run(TestRunner.java:621)
	at org.testng.SuiteRunner.runTest(SuiteRunner.java:357)
	at org.testng.SuiteRunner.runSequentially(SuiteRunner.java:352)
	at org.testng.SuiteRunner.privateRun(SuiteRunner.java:310)
	at org.testng.SuiteRunner.run(SuiteRunner.java:259)
	at org.testng.SuiteRunnerWorker.runSuite(SuiteRunnerWorker.java:52)
	at org.testng.SuiteRunnerWorker.run(SuiteRunnerWorker.java:86)
	at org.testng.TestNG.runSuitesSequentially(TestNG.java:1199)
	at org.testng.TestNG.runSuitesLocally(TestNG.java:1124)
	at org.testng.TestNG.run(TestNG.java:1032)
	at org.apache.maven.surefire.testng.TestNGExecutor.run(TestNGExecutor.java:73)
	at org.apache.maven.surefire.testng.TestNGXmlTestSuite.execute(TestNGXmlTestSuite.java:94)
	at org.apache.maven.surefire.Surefire.run(Surefire.java:169)
	at sun.reflect.NativeMethodAccessorImpl.invoke0(Native Method)
	at sun.reflect.NativeMethodAccessorImpl.invoke(NativeMethodAccessorImpl.java:62)
	at sun.reflect.DelegatingMethodAccessorImpl.invoke(DelegatingMethodAccessorImpl.java:43)
	at java.lang.reflect.Method.invoke(Method.java:497)
	at org.apache.maven.surefire.booter.SurefireBooter.runSuitesInProcess(SurefireBooter.java:350)
	at org.apache.maven.surefire.booter.SurefireBooter.main(SurefireBooter.java:1021)
]]>
            </full-stacktrace>
          </exception> <!-- java.lang.NullPointerException -->
          <reporter-output>
          </reporter-output>
        </test-method> <!-- c334143_verify_adcals_on_clean_launch -->
        <test-method status="PASS" signature="test(org.testng.ITestResult)[pri:0, instance:com.weather.RunTest.Smoke_Test@26ba2a48]" name="test" is-config="true" duration-ms="3" started-at="2016-02-23T17:14:07Z" finished-at="2016-02-23T17:14:07Z">
          <params>
            <param index="0">
              <value>
                <![CDATA[[TestResult name=c334143_verify_adcals_on_clean_launch status=FAILURE method=Smoke_Test.c334143_verify_adcals_on_clean_launch()[pri:0, instance:com.weather.RunTest.Smoke_Test@26ba2a48] output={null}]]]>
              </value>
            </param>
          </params>
          <reporter-output>
          </reporter-output>
        </test-method> <!-- test -->
        <test-method status="FAIL" signature="c334146_Verify_adon_HourlyExtended_page()[pri:0, instance:com.weather.RunTest.Smoke_Test@26ba2a48]" name="c334146_Verify_adon_HourlyExtended_page" duration-ms="1" started-at="2016-02-23T17:14:07Z" finished-at="2016-02-23T17:14:07Z">
          <exception class="java.lang.NullPointerException">
            <full-stacktrace>
              <![CDATA[java.lang.NullPointerException
	at com.weather.Genaral.app_Kill_Relaunch.Kill_realaunch(app_Kill_Relaunch.java:11)
	at com.weather.SmokeTestcases.SmokeTest_C334146_Hourly.verify_adpresent_onextendedHourly_page(SmokeTest_C334146_Hourly.java:44)
	at com.weather.RunTest.Smoke_Test.c334146_Verify_adon_HourlyExtended_page(Smoke_Test.java:174)
	at sun.reflect.NativeMethodAccessorImpl.invoke0(Native Method)
	at sun.reflect.NativeMethodAccessorImpl.invoke(NativeMethodAccessorImpl.java:62)
	at sun.reflect.DelegatingMethodAccessorImpl.invoke(DelegatingMethodAccessorImpl.java:43)
	at java.lang.reflect.Method.invoke(Method.java:497)
	at org.testng.internal.MethodInvocationHelper.invokeMethod(MethodInvocationHelper.java:85)
	at org.testng.internal.Invoker.invokeMethod(Invoker.java:659)
	at org.testng.internal.Invoker.invokeTestMethod(Invoker.java:845)
	at org.testng.internal.Invoker.invokeTestMethods(Invoker.java:1153)
	at org.testng.internal.TestMethodWorker.invokeTestMethods(TestMethodWorker.java:125)
	at org.testng.internal.TestMethodWorker.run(TestMethodWorker.java:108)
	at org.testng.TestRunner.privateRun(TestRunner.java:771)
	at org.testng.TestRunner.run(TestRunner.java:621)
	at org.testng.SuiteRunner.runTest(SuiteRunner.java:357)
	at org.testng.SuiteRunner.runSequentially(SuiteRunner.java:352)
	at org.testng.SuiteRunner.privateRun(SuiteRunner.java:310)
	at org.testng.SuiteRunner.run(SuiteRunner.java:259)
	at org.testng.SuiteRunnerWorker.runSuite(SuiteRunnerWorker.java:52)
	at org.testng.SuiteRunnerWorker.run(SuiteRunnerWorker.java:86)
	at org.testng.TestNG.runSuitesSequentially(TestNG.java:1199)
	at org.testng.TestNG.runSuitesLocally(TestNG.java:1124)
	at org.testng.TestNG.run(TestNG.java:1032)
	at org.apache.maven.surefire.testng.TestNGExecutor.run(TestNGExecutor.java:73)
	at org.apache.maven.surefire.testng.TestNGXmlTestSuite.execute(TestNGXmlTestSuite.java:94)
	at org.apache.maven.surefire.Surefire.run(Surefire.java:169)
	at sun.reflect.NativeMethodAccessorImpl.invoke0(Native Method)
	at sun.reflect.NativeMethodAccessorImpl.invoke(NativeMethodAccessorImpl.java:62)
	at sun.reflect.DelegatingMethodAccessorImpl.invoke(DelegatingMethodAccessorImpl.java:43)
	at java.lang.reflect.Method.invoke(Method.java:497)
	at org.apache.maven.surefire.booter.SurefireBooter.runSuitesInProcess(SurefireBooter.java:350)
	at org.apache.maven.surefire.booter.SurefireBooter.main(SurefireBooter.java:1021)
]]>
            </full-stacktrace>
          </exception> <!-- java.lang.NullPointerException -->
          <reporter-output>
          </reporter-output>
        </test-method> <!-- c334146_Verify_adon_HourlyExtended_page -->
        <test-method status="PASS" signature="test(org.testng.ITestResult)[pri:0, instance:com.weather.RunTest.Smoke_Test@26ba2a48]" name="test" is-config="true" duration-ms="0" started-at="2016-02-23T17:14:07Z" finished-at="2016-02-23T17:14:07Z">
          <params>
            <param index="0">
              <value>
                <![CDATA[[TestResult name=c334146_Verify_adon_HourlyExtended_page status=FAILURE method=Smoke_Test.c334146_Verify_adon_HourlyExtended_page()[pri:0, instance:com.weather.RunTest.Smoke_Test@26ba2a48] output={null}]]]>
              </value>
            </param>
          </params>
          <reporter-output>
          </reporter-output>
        </test-method> <!-- test -->
        <test-method status="FAIL" signature="c334151_Verify_adon_10DaysExtended_page()[pri:0, instance:com.weather.RunTest.Smoke_Test@26ba2a48]" name="c334151_Verify_adon_10DaysExtended_page" duration-ms="1" started-at="2016-02-23T17:14:07Z" finished-at="2016-02-23T17:14:07Z">
          <exception class="java.lang.NullPointerException">
            <full-stacktrace>
              <![CDATA[java.lang.NullPointerException
	at com.weather.SmokeTestcases.SmokeTest_C334151_10Days.verify_adpresent_onextendedTendays_page(SmokeTest_C334151_10Days.java:36)
	at com.weather.RunTest.Smoke_Test.c334151_Verify_adon_10DaysExtended_page(Smoke_Test.java:183)
	at sun.reflect.NativeMethodAccessorImpl.invoke0(Native Method)
	at sun.reflect.NativeMethodAccessorImpl.invoke(NativeMethodAccessorImpl.java:62)
	at sun.reflect.DelegatingMethodAccessorImpl.invoke(DelegatingMethodAccessorImpl.java:43)
	at java.lang.reflect.Method.invoke(Method.java:497)
	at org.testng.internal.MethodInvocationHelper.invokeMethod(MethodInvocationHelper.java:85)
	at org.testng.internal.Invoker.invokeMethod(Invoker.java:659)
	at org.testng.internal.Invoker.invokeTestMethod(Invoker.java:845)
	at org.testng.internal.Invoker.invokeTestMethods(Invoker.java:1153)
	at org.testng.internal.TestMethodWorker.invokeTestMethods(TestMethodWorker.java:125)
	at org.testng.internal.TestMethodWorker.run(TestMethodWorker.java:108)
	at org.testng.TestRunner.privateRun(TestRunner.java:771)
	at org.testng.TestRunner.run(TestRunner.java:621)
	at org.testng.SuiteRunner.runTest(SuiteRunner.java:357)
	at org.testng.SuiteRunner.runSequentially(SuiteRunner.java:352)
	at org.testng.SuiteRunner.privateRun(SuiteRunner.java:310)
	at org.testng.SuiteRunner.run(SuiteRunner.java:259)
	at org.testng.SuiteRunnerWorker.runSuite(SuiteRunnerWorker.java:52)
	at org.testng.SuiteRunnerWorker.run(SuiteRunnerWorker.java:86)
	at org.testng.TestNG.runSuitesSequentially(TestNG.java:1199)
	at org.testng.TestNG.runSuitesLocally(TestNG.java:1124)
	at org.testng.TestNG.run(TestNG.java:1032)
	at org.apache.maven.surefire.testng.TestNGExecutor.run(TestNGExecutor.java:73)
	at org.apache.maven.surefire.testng.TestNGXmlTestSuite.execute(TestNGXmlTestSuite.java:94)
	at org.apache.maven.surefire.Surefire.run(Surefire.java:169)
	at sun.reflect.NativeMethodAccessorImpl.invoke0(Native Method)
	at sun.reflect.NativeMethodAccessorImpl.invoke(NativeMethodAccessorImpl.java:62)
	at sun.reflect.DelegatingMethodAccessorImpl.invoke(DelegatingMethodAccessorImpl.java:43)
	at java.lang.reflect.Method.invoke(Method.java:497)
	at org.apache.maven.surefire.booter.SurefireBooter.runSuitesInProcess(SurefireBooter.java:350)
	at org.apache.maven.surefire.booter.SurefireBooter.main(SurefireBooter.java:1021)
]]>
            </full-stacktrace>
          </exception> <!-- java.lang.NullPointerException -->
          <reporter-output>
          </reporter-output>
        </test-method> <!-- c334151_Verify_adon_10DaysExtended_page -->
        <test-method status="PASS" signature="test(org.testng.ITestResult)[pri:0, instance:com.weather.RunTest.Smoke_Test@26ba2a48]" name="test" is-config="true" duration-ms="1" started-at="2016-02-23T17:14:07Z" finished-at="2016-02-23T17:14:07Z">
          <params>
            <param index="0">
              <value>
                <![CDATA[[TestResult name=c334151_Verify_adon_10DaysExtended_page status=FAILURE method=Smoke_Test.c334151_Verify_adon_10DaysExtended_page()[pri:0, instance:com.weather.RunTest.Smoke_Test@26ba2a48] output={null}]]]>
              </value>
            </param>
          </params>
          <reporter-output>
          </reporter-output>
        </test-method> <!-- test -->
        <test-method status="FAIL" signature="c334147_Verify_adon_MapsExtended_page()[pri:0, instance:com.weather.RunTest.Smoke_Test@26ba2a48]" name="c334147_Verify_adon_MapsExtended_page" duration-ms="3" started-at="2016-02-23T17:14:07Z" finished-at="2016-02-23T17:14:07Z">
          <exception class="java.lang.NullPointerException">
            <full-stacktrace>
              <![CDATA[java.lang.NullPointerException
	at com.weather.SmokeTestcases.SmokeTest_c334147_Map.verify_adpresent_onextendedMap_page(SmokeTest_c334147_Map.java:40)
	at com.weather.RunTest.Smoke_Test.c334147_Verify_adon_MapsExtended_page(Smoke_Test.java:191)
	at sun.reflect.NativeMethodAccessorImpl.invoke0(Native Method)
	at sun.reflect.NativeMethodAccessorImpl.invoke(NativeMethodAccessorImpl.java:62)
	at sun.reflect.DelegatingMethodAccessorImpl.invoke(DelegatingMethodAccessorImpl.java:43)
	at java.lang.reflect.Method.invoke(Method.java:497)
	at org.testng.internal.MethodInvocationHelper.invokeMethod(MethodInvocationHelper.java:85)
	at org.testng.internal.Invoker.invokeMethod(Invoker.java:659)
	at org.testng.internal.Invoker.invokeTestMethod(Invoker.java:845)
	at org.testng.internal.Invoker.invokeTestMethods(Invoker.java:1153)
	at org.testng.internal.TestMethodWorker.invokeTestMethods(TestMethodWorker.java:125)
	at org.testng.internal.TestMethodWorker.run(TestMethodWorker.java:108)
	at org.testng.TestRunner.privateRun(TestRunner.java:771)
	at org.testng.TestRunner.run(TestRunner.java:621)
	at org.testng.SuiteRunner.runTest(SuiteRunner.java:357)
	at org.testng.SuiteRunner.runSequentially(SuiteRunner.java:352)
	at org.testng.SuiteRunner.privateRun(SuiteRunner.java:310)
	at org.testng.SuiteRunner.run(SuiteRunner.java:259)
	at org.testng.SuiteRunnerWorker.runSuite(SuiteRunnerWorker.java:52)
	at org.testng.SuiteRunnerWorker.run(SuiteRunnerWorker.java:86)
	at org.testng.TestNG.runSuitesSequentially(TestNG.java:1199)
	at org.testng.TestNG.runSuitesLocally(TestNG.java:1124)
	at org.testng.TestNG.run(TestNG.java:1032)
	at org.apache.maven.surefire.testng.TestNGExecutor.run(TestNGExecutor.java:73)
	at org.apache.maven.surefire.testng.TestNGXmlTestSuite.execute(TestNGXmlTestSuite.java:94)
	at org.apache.maven.surefire.Surefire.run(Surefire.java:169)
	at sun.reflect.NativeMethodAccessorImpl.invoke0(Native Method)
	at sun.reflect.NativeMethodAccessorImpl.invoke(NativeMethodAccessorImpl.java:62)
	at sun.reflect.DelegatingMethodAccessorImpl.invoke(DelegatingMethodAccessorImpl.java:43)
	at java.lang.reflect.Method.invoke(Method.java:497)
	at org.apache.maven.surefire.booter.SurefireBooter.runSuitesInProcess(SurefireBooter.java:350)
	at org.apache.maven.surefire.booter.SurefireBooter.main(SurefireBooter.java:1021)
]]>
            </full-stacktrace>
          </exception> <!-- java.lang.NullPointerException -->
          <reporter-output>
            <line>
              <![CDATA[STEP7]]>
            </line>
          </reporter-output>
        </test-method> <!-- c334147_Verify_adon_MapsExtended_page -->
        <test-method status="PASS" signature="test(org.testng.ITestResult)[pri:0, instance:com.weather.RunTest.Smoke_Test@26ba2a48]" name="test" is-config="true" duration-ms="1" started-at="2016-02-23T17:14:07Z" finished-at="2016-02-23T17:14:07Z">
          <params>
            <param index="0">
              <value>
                <![CDATA[[TestResult name=c334147_Verify_adon_MapsExtended_page status=FAILURE method=Smoke_Test.c334147_Verify_adon_MapsExtended_page()[pri:0, instance:com.weather.RunTest.Smoke_Test@26ba2a48] output=STEP7]]]>
              </value>
            </param>
          </params>
          <reporter-output>
          </reporter-output>
        </test-method> <!-- test -->
        <test-method status="FAIL" signature="c334148_Verify_adon_NewsExtended_page()[pri:0, instance:com.weather.RunTest.Smoke_Test@26ba2a48]" name="c334148_Verify_adon_NewsExtended_page" duration-ms="1" started-at="2016-02-23T17:14:07Z" finished-at="2016-02-23T17:14:07Z">
          <exception class="java.lang.NullPointerException">
            <full-stacktrace>
              <![CDATA[java.lang.NullPointerException
	at com.weather.SmokeTestcases.SmokeTest_C334148_News.verify_adpresent_onextendedNews_page(SmokeTest_C334148_News.java:35)
	at com.weather.RunTest.Smoke_Test.c334148_Verify_adon_NewsExtended_page(Smoke_Test.java:202)
	at sun.reflect.NativeMethodAccessorImpl.invoke0(Native Method)
	at sun.reflect.NativeMethodAccessorImpl.invoke(NativeMethodAccessorImpl.java:62)
	at sun.reflect.DelegatingMethodAccessorImpl.invoke(DelegatingMethodAccessorImpl.java:43)
	at java.lang.reflect.Method.invoke(Method.java:497)
	at org.testng.internal.MethodInvocationHelper.invokeMethod(MethodInvocationHelper.java:85)
	at org.testng.internal.Invoker.invokeMethod(Invoker.java:659)
	at org.testng.internal.Invoker.invokeTestMethod(Invoker.java:845)
	at org.testng.internal.Invoker.invokeTestMethods(Invoker.java:1153)
	at org.testng.internal.TestMethodWorker.invokeTestMethods(TestMethodWorker.java:125)
	at org.testng.internal.TestMethodWorker.run(TestMethodWorker.java:108)
	at org.testng.TestRunner.privateRun(TestRunner.java:771)
	at org.testng.TestRunner.run(TestRunner.java:621)
	at org.testng.SuiteRunner.runTest(SuiteRunner.java:357)
	at org.testng.SuiteRunner.runSequentially(SuiteRunner.java:352)
	at org.testng.SuiteRunner.privateRun(SuiteRunner.java:310)
	at org.testng.SuiteRunner.run(SuiteRunner.java:259)
	at org.testng.SuiteRunnerWorker.runSuite(SuiteRunnerWorker.java:52)
	at org.testng.SuiteRunnerWorker.run(SuiteRunnerWorker.java:86)
	at org.testng.TestNG.runSuitesSequentially(TestNG.java:1199)
	at org.testng.TestNG.runSuitesLocally(TestNG.java:1124)
	at org.testng.TestNG.run(TestNG.java:1032)
	at org.apache.maven.surefire.testng.TestNGExecutor.run(TestNGExecutor.java:73)
	at org.apache.maven.surefire.testng.TestNGXmlTestSuite.execute(TestNGXmlTestSuite.java:94)
	at org.apache.maven.surefire.Surefire.run(Surefire.java:169)
	at sun.reflect.NativeMethodAccessorImpl.invoke0(Native Method)
	at sun.reflect.NativeMethodAccessorImpl.invoke(NativeMethodAccessorImpl.java:62)
	at sun.reflect.DelegatingMethodAccessorImpl.invoke(DelegatingMethodAccessorImpl.java:43)
	at java.lang.reflect.Method.invoke(Method.java:497)
	at org.apache.maven.surefire.booter.SurefireBooter.runSuitesInProcess(SurefireBooter.java:350)
	at org.apache.maven.surefire.booter.SurefireBooter.main(SurefireBooter.java:1021)
]]>
            </full-stacktrace>
          </exception> <!-- java.lang.NullPointerException -->
          <reporter-output>
          </reporter-output>
        </test-method> <!-- c334148_Verify_adon_NewsExtended_page -->
        <test-method status="PASS" signature="test(org.testng.ITestResult)[pri:0, instance:com.weather.RunTest.Smoke_Test@26ba2a48]" name="test" is-config="true" duration-ms="1" started-at="2016-02-23T17:14:07Z" finished-at="2016-02-23T17:14:07Z">
          <params>
            <param index="0">
              <value>
                <![CDATA[[TestResult name=c334148_Verify_adon_NewsExtended_page status=FAILURE method=Smoke_Test.c334148_Verify_adon_NewsExtended_page()[pri:0, instance:com.weather.RunTest.Smoke_Test@26ba2a48] output={null}]]]>
              </value>
            </param>
          </params>
          <reporter-output>
          </reporter-output>
        </test-method> <!-- test -->
        <test-method status="FAIL" signature="C402853_Verifybigbannerad_LSModules()[pri:0, instance:com.weather.RunTest.Smoke_Test@26ba2a48]" name="C402853_Verifybigbannerad_LSModules" duration-ms="12" started-at="2016-02-23T17:14:07Z" finished-at="2016-02-23T17:14:07Z">
          <exception class="java.lang.NullPointerException">
            <full-stacktrace>
              <![CDATA[java.lang.NullPointerException
	at com.weather.Genaral.MoveTo_TestMode.testmode(MoveTo_TestMode.java:18)
	at com.weather.SmokeTestcases.SmokeTest_C402853_Verifybigbannerad_LSModules.verify_adpresent_onLSModule_page(SmokeTest_C402853_Verifybigbannerad_LSModules.java:33)
	at com.weather.RunTest.Smoke_Test.C402853_Verifybigbannerad_LSModules(Smoke_Test.java:211)
	at sun.reflect.NativeMethodAccessorImpl.invoke0(Native Method)
	at sun.reflect.NativeMethodAccessorImpl.invoke(NativeMethodAccessorImpl.java:62)
	at sun.reflect.DelegatingMethodAccessorImpl.invoke(DelegatingMethodAccessorImpl.java:43)
	at java.lang.reflect.Method.invoke(Method.java:497)
	at org.testng.internal.MethodInvocationHelper.invokeMethod(MethodInvocationHelper.java:85)
	at org.testng.internal.Invoker.invokeMethod(Invoker.java:659)
	at org.testng.internal.Invoker.invokeTestMethod(Invoker.java:845)
	at org.testng.internal.Invoker.invokeTestMethods(Invoker.java:1153)
	at org.testng.internal.TestMethodWorker.invokeTestMethods(TestMethodWorker.java:125)
	at org.testng.internal.TestMethodWorker.run(TestMethodWorker.java:108)
	at org.testng.TestRunner.privateRun(TestRunner.java:771)
	at org.testng.TestRunner.run(TestRunner.java:621)
	at org.testng.SuiteRunner.runTest(SuiteRunner.java:357)
	at org.testng.SuiteRunner.runSequentially(SuiteRunner.java:352)
	at org.testng.SuiteRunner.privateRun(SuiteRunner.java:310)
	at org.testng.SuiteRunner.run(SuiteRunner.java:259)
	at org.testng.SuiteRunnerWorker.runSuite(SuiteRunnerWorker.java:52)
	at org.testng.SuiteRunnerWorker.run(SuiteRunnerWorker.java:86)
	at org.testng.TestNG.runSuitesSequentially(TestNG.java:1199)
	at org.testng.TestNG.runSuitesLocally(TestNG.java:1124)
	at org.testng.TestNG.run(TestNG.java:1032)
	at org.apache.maven.surefire.testng.TestNGExecutor.run(TestNGExecutor.java:73)
	at org.apache.maven.surefire.testng.TestNGXmlTestSuite.execute(TestNGXmlTestSuite.java:94)
	at org.apache.maven.surefire.Surefire.run(Surefire.java:169)
	at sun.reflect.NativeMethodAccessorImpl.invoke0(Native Method)
	at sun.reflect.NativeMethodAccessorImpl.invoke(NativeMethodAccessorImpl.java:62)
	at sun.reflect.DelegatingMethodAccessorImpl.invoke(DelegatingMethodAccessorImpl.java:43)
	at java.lang.reflect.Method.invoke(Method.java:497)
	at org.apache.maven.surefire.booter.SurefireBooter.runSuitesInProcess(SurefireBooter.java:350)
	at org.apache.maven.surefire.booter.SurefireBooter.main(SurefireBooter.java:1021)
]]>
            </full-stacktrace>
          </exception> <!-- java.lang.NullPointerException -->
          <reporter-output>
          </reporter-output>
        </test-method> <!-- C402853_Verifybigbannerad_LSModules -->
        <test-method status="PASS" signature="test(org.testng.ITestResult)[pri:0, instance:com.weather.RunTest.Smoke_Test@26ba2a48]" name="test" is-config="true" duration-ms="2" started-at="2016-02-23T17:14:07Z" finished-at="2016-02-23T17:14:07Z">
          <params>
            <param index="0">
              <value>
                <![CDATA[[TestResult name=C402853_Verifybigbannerad_LSModules status=FAILURE method=Smoke_Test.C402853_Verifybigbannerad_LSModules()[pri:0, instance:com.weather.RunTest.Smoke_Test@26ba2a48] output={null}]]]>
              </value>
            </param>
          </params>
          <reporter-output>
          </reporter-output>
        </test-method> <!-- test -->
        <test-method status="PASS" signature="C414339_Thirdparty_Beacon()[pri:0, instance:com.weather.RunTest.Smoke_Test@26ba2a48]" name="C414339_Thirdparty_Beacon" duration-ms="7" started-at="2016-02-23T17:14:07Z" finished-at="2016-02-23T17:14:07Z">
          <reporter-output>
          </reporter-output>
        </test-method> <!-- C414339_Thirdparty_Beacon -->
        <test-method status="PASS" signature="test(org.testng.ITestResult)[pri:0, instance:com.weather.RunTest.Smoke_Test@26ba2a48]" name="test" is-config="true" duration-ms="1" started-at="2016-02-23T17:14:07Z" finished-at="2016-02-23T17:14:07Z">
          <params>
            <param index="0">
              <value>
                <![CDATA[[TestResult name=C414339_Thirdparty_Beacon status=SUCCESS method=Smoke_Test.C414339_Thirdparty_Beacon()[pri:0, instance:com.weather.RunTest.Smoke_Test@26ba2a48] output={null}]]]>
              </value>
            </param>
          </params>
          <reporter-output>
          </reporter-output>
        </test-method> <!-- test -->
        <test-method status="PASS" signature="afterTest()[pri:0, instance:com.weather.RunTest.Smoke_Test@26ba2a48]" name="afterTest" is-config="true" duration-ms="38" started-at="2016-02-23T17:14:07Z" finished-at="2016-02-23T17:14:07Z">
          <reporter-output>
            <line>
              <![CDATA[STEP8]]>
            </line>
          </reporter-output>
        </test-method> <!-- afterTest -->
        <test-method status="PASS" signature="movefiles()[pri:0, instance:com.weather.RunTest.Smoke_Test@26ba2a48]" name="movefiles" is-config="true" duration-ms="294" started-at="2016-02-23T17:14:07Z" finished-at="2016-02-23T17:14:07Z">
          <reporter-output>
            <line>
              <![CDATA[STEP9]]>
            </line>
          </reporter-output>
        </test-method> <!-- movefiles -->
      </class> <!-- com.weather.RunTest.Smoke_Test -->
    </test> <!-- TWC_Smoke_Test -->
  </suite> <!-- TWC_Smoke_Suite -->
</testng-results>
